#-----------------------------------------------------------
# Vivado v2022.1 (64-bit)
# SW Build 3526262 on Mon Apr 18 15:48:16 MDT 2022
# IP Build 3524634 on Mon Apr 18 20:55:01 MDT 2022
# Start of session at: Mon Apr 10 10:27:44 2023
# Process ID: 53968
# Current directory: D:/Dirk/Grad_School/525.742.8VL_SOC/HW/Module6/lab6/radio_periph_lab/vivado
# Command line: vivado.exe -gui_launcher_event rodinguilauncherevent48256 D:\Dirk\Grad_School\525.742.8VL_SOC\HW\Module6\lab6\radio_periph_lab\vivado\radio_periph_lab.xpr
# Log file: D:/Dirk/Grad_School/525.742.8VL_SOC/HW/Module6/lab6/radio_periph_lab/vivado/vivado.log
# Journal file: D:/Dirk/Grad_School/525.742.8VL_SOC/HW/Module6/lab6/radio_periph_lab/vivado\vivado.jou
# Running On: DESKTOP-GUH0UB4, OS: Windows, CPU Frequency: 3593 MHz, CPU Physical cores: 16, Host memory: 17090 MB
#-----------------------------------------------------------
start_gui
open_project D:/Dirk/Grad_School/525.742.8VL_SOC/HW/Module6/lab6/radio_periph_lab/vivado/radio_periph_lab.xpr
WARNING: [Board 49-26] cannot add Board Part xilinx.com:kcu105:part0:1.6 available at C:/Xilinx/Vivado/2022.1/data/xhub/boards/XilinxBoardStore/boards/Xilinx/kcu105/1.6/board.xml as part xcku040-ffva1156-2-e specified in board_part file is either invalid or not available
WARNING: [Board 49-26] cannot add Board Part xilinx.com:kcu105:part0:1.7 available at C:/Xilinx/Vivado/2022.1/data/xhub/boards/XilinxBoardStore/boards/Xilinx/kcu105/1.7/board.xml as part xcku040-ffva1156-2-e specified in board_part file is either invalid or not available
WARNING: [Board 49-26] cannot add Board Part xilinx.com:kcu116:part0:1.4 available at C:/Xilinx/Vivado/2022.1/data/xhub/boards/XilinxBoardStore/boards/Xilinx/kcu116/1.4/board.xml as part xcku5p-ffvb676-2-e specified in board_part file is either invalid or not available
WARNING: [Board 49-26] cannot add Board Part xilinx.com:kcu116:part0:1.5 available at C:/Xilinx/Vivado/2022.1/data/xhub/boards/XilinxBoardStore/boards/Xilinx/kcu116/1.5/board.xml as part xcku5p-ffvb676-2-e specified in board_part file is either invalid or not available
WARNING: [Board 49-26] cannot add Board Part xilinx.com:kcu1500:part0:1.2 available at C:/Xilinx/Vivado/2022.1/data/xhub/boards/XilinxBoardStore/boards/Xilinx/kcu1500/1.2/board.xml as part xcku115-flvb2104-2-e specified in board_part file is either invalid or not available
WARNING: [Board 49-26] cannot add Board Part xilinx.com:vcu108:part0:1.6 available at C:/Xilinx/Vivado/2022.1/data/xhub/boards/XilinxBoardStore/boards/Xilinx/vcu108/1.6/board.xml as part xcvu095-ffva2104-2-e specified in board_part file is either invalid or not available
WARNING: [Board 49-26] cannot add Board Part xilinx.com:vcu108:part0:1.7 available at C:/Xilinx/Vivado/2022.1/data/xhub/boards/XilinxBoardStore/boards/Xilinx/vcu108/1.7/board.xml as part xcvu095-ffva2104-2-e specified in board_part file is either invalid or not available
WARNING: [Board 49-26] cannot add Board Part xilinx.com:vcu110:part0:1.4 available at C:/Xilinx/Vivado/2022.1/data/xhub/boards/XilinxBoardStore/boards/Xilinx/vcu110/1.4/board.xml as part xcvu190-flgc2104-2-e specified in board_part file is either invalid or not available
WARNING: [Board 49-26] cannot add Board Part xilinx.com:vcu118:part0:2.0 available at C:/Xilinx/Vivado/2022.1/data/xhub/boards/XilinxBoardStore/boards/Xilinx/vcu118/2.0/board.xml as part xcvu9p-flga2104-2l-e specified in board_part file is either invalid or not available
WARNING: [Board 49-26] cannot add Board Part xilinx.com:vcu118:part0:2.3 available at C:/Xilinx/Vivado/2022.1/data/xhub/boards/XilinxBoardStore/boards/Xilinx/vcu118/2.3/board.xml as part xcvu9p-flga2104-2l-e specified in board_part file is either invalid or not available
WARNING: [Board 49-26] cannot add Board Part xilinx.com:vcu118:part0:2.4 available at C:/Xilinx/Vivado/2022.1/data/xhub/boards/XilinxBoardStore/boards/Xilinx/vcu118/2.4/board.xml as part xcvu9p-flga2104-2l-e specified in board_part file is either invalid or not available
WARNING: [Board 49-26] cannot add Board Part xilinx.com:vcu128:part0:1.0 available at C:/Xilinx/Vivado/2022.1/data/xhub/boards/XilinxBoardStore/boards/Xilinx/vcu128/production/1.0/board.xml as part xcvu37p-fsvh2892-2l-e specified in board_part file is either invalid or not available
WARNING: [Board 49-26] cannot add Board Part xilinx.com:vcu129:part0:1.0 available at C:/Xilinx/Vivado/2022.1/data/xhub/boards/XilinxBoardStore/boards/Xilinx/vcu129/production/1.0/board.xml as part xcvu29p-fsga2577-2l-e specified in board_part file is either invalid or not available
WARNING: [Board 49-26] cannot add Board Part xilinx.com:vcu1525:part0:1.3 available at C:/Xilinx/Vivado/2022.1/data/xhub/boards/XilinxBoardStore/boards/Xilinx/vcu1525/1.3/board.xml as part xcvu9p-fsgd2104-2l-e specified in board_part file is either invalid or not available
WARNING: [Board 49-26] cannot add Board Part xilinx.com:vpk120_es:part0:1.2 available at C:/Xilinx/Vivado/2022.1/data/xhub/boards/XilinxBoardStore/boards/Xilinx/vpk120/es/1.2/board.xml as part xcvp1202-vsva2785-2mp-e-s-es1 specified in board_part file is either invalid or not available
WARNING: [Board 49-26] cannot add Board Part xilinx.com:vpk120_es_revb:part0:1.0 available at C:/Xilinx/Vivado/2022.1/data/xhub/boards/XilinxBoardStore/boards/Xilinx/vpk120_revb/es/1.0/board.xml as part xcvp1202-vsva2785-2mp-e-s-es1 specified in board_part file is either invalid or not available
WARNING: [Board 49-26] cannot add Board Part xilinx.com:zcu208ld:part0:2.0 available at C:/Xilinx/Vivado/2022.1/data/xhub/boards/XilinxBoardStore/boards/Xilinx/zcu208ld/production/2.0/board.xml as part xczu58dr-fsvg1517-2-i specified in board_part file is either invalid or not available
WARNING: [Board 49-26] cannot add Board Part xilinx.com:zcu216ld:part0:2.0 available at C:/Xilinx/Vivado/2022.1/data/xhub/boards/XilinxBoardStore/boards/Xilinx/zcu216ld/production/2.0/board.xml as part xczu59dr-ffvf1760-2-i specified in board_part file is either invalid or not available
WARNING: [Board 49-26] cannot add Board Part xilinx.com:zcu670:part0:2.0 available at C:/Xilinx/Vivado/2022.1/data/xhub/boards/XilinxBoardStore/boards/Xilinx/zcu670/2.0/board.xml as part xczu67dr-fsve1156-2-i specified in board_part file is either invalid or not available
WARNING: [Board 49-26] cannot add Board Part xilinx.com:zcu670ld:part0:1.0 available at C:/Xilinx/Vivado/2022.1/data/xhub/boards/XilinxBoardStore/boards/Xilinx/zcu670ld/1.0/board.xml as part xczu57dr-fsve1156-2-i specified in board_part file is either invalid or not available
INFO: [Project 1-313] Project file moved from 'D:/Dirk/Grad_School/525.742.8VL_SOC/HW/Module6/lab6/radio_periph_lab_main/vivado' since last save.
Scanning sources...
Finished scanning sources
INFO: [IP_Flow 19-234] Refreshing IP repositories
INFO: [IP_Flow 19-1700] Loaded user IP repository 'd:/Dirk/Grad_School/525.742.8VL_SOC/HW/Module6/lab6/radio_periph_lab/ip_repo'.
INFO: [IP_Flow 19-2313] Loaded Vivado IP repository 'C:/Xilinx/Vivado/2022.1/data/ip'.
open_project: Time (s): cpu = 00:00:30 ; elapsed = 00:00:22 . Memory (MB): peak = 1698.434 ; gain = 113.504
update_compile_order -fileset sources_1
open_bd_design {D:/Dirk/Grad_School/525.742.8VL_SOC/HW/Module6/lab6/radio_periph_lab/vivado/radio_periph_lab.srcs/sources_1/bd/design_1/design_1.bd}
Reading block design file <D:/Dirk/Grad_School/525.742.8VL_SOC/HW/Module6/lab6/radio_periph_lab/vivado/radio_periph_lab.srcs/sources_1/bd/design_1/design_1.bd>...
Adding component instance block -- xilinx.com:ip:axi_iic:2.1 - axi_iic_0
Adding component instance block -- jhu.edu:user:full_radio:1.0 - full_radio_0
Adding component instance block -- jhuapl.edu:user:lowlevel_dac_intfc:1.1 - lowlevel_dac_intfc_0
Adding component instance block -- xilinx.com:ip:processing_system7:5.5 - processing_system7_0
Adding component instance block -- xilinx.com:ip:axi_interconnect:2.1 - ps7_0_axi_periph
Adding component instance block -- xilinx.com:ip:axi_crossbar:2.1 - xbar
Adding component instance block -- xilinx.com:ip:axi_protocol_converter:2.1 - auto_pc
Adding component instance block -- xilinx.com:ip:axi_clock_converter:2.1 - auto_cc
Adding component instance block -- xilinx.com:ip:axi_clock_converter:2.1 - auto_cc
Adding component instance block -- xilinx.com:ip:proc_sys_reset:5.0 - rst_ps7_0_125M
Adding component instance block -- xilinx.com:ip:system_ila:1.1 - system_ila_0
Adding component instance block -- xilinx.com:ip:xpm_cdc_gen:1.0 - xpm_cdc_gen_0
Successfully read diagram <design_1> from block design file <D:/Dirk/Grad_School/525.742.8VL_SOC/HW/Module6/lab6/radio_periph_lab/vivado/radio_periph_lab.srcs/sources_1/bd/design_1/design_1.bd>
ipx::edit_ip_in_project -upgrade true -name full_radio_v1_0_project -directory D:/Dirk/Grad_School/525.742.8VL_SOC/HW/Module6/lab6/radio_periph_lab/vivado/radio_periph_lab.tmp/full_radio_v1_0_project d:/Dirk/Grad_School/525.742.8VL_SOC/HW/Module6/lab6/radio_periph_lab/ip_repo/full_radio/component.xml
INFO: [ProjectBase 1-489] The host OS only allows 260 characters in a normal path. The project is stored in a path with more than 80 characters. If you experience issues with IP, Block Designs, or files not being found, please consider moving the project to a location with a shorter path. Alternately consider using the OS subst command to map part of the path to a drive letter.
Current project path is 'd:/dirk/grad_school/525.742.8vl_soc/hw/module6/lab6/radio_periph_lab/vivado/radio_periph_lab.tmp/full_radio_v1_0_project'
INFO: [IP_Flow 19-234] Refreshing IP repositories
INFO: [IP_Flow 19-1704] No user IP repositories specified
INFO: [IP_Flow 19-2313] Loaded Vivado IP repository 'C:/Xilinx/Vivado/2022.1/data/ip'.
WARNING: [Board 49-26] cannot add Board Part xilinx.com:kcu105:part0:1.6 available at C:/Xilinx/Vivado/2022.1/data/xhub/boards/XilinxBoardStore/boards/Xilinx/kcu105/1.6/board.xml as part xcku040-ffva1156-2-e specified in board_part file is either invalid or not available
WARNING: [Board 49-26] cannot add Board Part xilinx.com:kcu105:part0:1.7 available at C:/Xilinx/Vivado/2022.1/data/xhub/boards/XilinxBoardStore/boards/Xilinx/kcu105/1.7/board.xml as part xcku040-ffva1156-2-e specified in board_part file is either invalid or not available
WARNING: [Board 49-26] cannot add Board Part xilinx.com:kcu116:part0:1.4 available at C:/Xilinx/Vivado/2022.1/data/xhub/boards/XilinxBoardStore/boards/Xilinx/kcu116/1.4/board.xml as part xcku5p-ffvb676-2-e specified in board_part file is either invalid or not available
WARNING: [Board 49-26] cannot add Board Part xilinx.com:kcu116:part0:1.5 available at C:/Xilinx/Vivado/2022.1/data/xhub/boards/XilinxBoardStore/boards/Xilinx/kcu116/1.5/board.xml as part xcku5p-ffvb676-2-e specified in board_part file is either invalid or not available
WARNING: [Board 49-26] cannot add Board Part xilinx.com:kcu1500:part0:1.2 available at C:/Xilinx/Vivado/2022.1/data/xhub/boards/XilinxBoardStore/boards/Xilinx/kcu1500/1.2/board.xml as part xcku115-flvb2104-2-e specified in board_part file is either invalid or not available
WARNING: [Board 49-26] cannot add Board Part xilinx.com:vcu108:part0:1.6 available at C:/Xilinx/Vivado/2022.1/data/xhub/boards/XilinxBoardStore/boards/Xilinx/vcu108/1.6/board.xml as part xcvu095-ffva2104-2-e specified in board_part file is either invalid or not available
WARNING: [Board 49-26] cannot add Board Part xilinx.com:vcu108:part0:1.7 available at C:/Xilinx/Vivado/2022.1/data/xhub/boards/XilinxBoardStore/boards/Xilinx/vcu108/1.7/board.xml as part xcvu095-ffva2104-2-e specified in board_part file is either invalid or not available
WARNING: [Board 49-26] cannot add Board Part xilinx.com:vcu110:part0:1.4 available at C:/Xilinx/Vivado/2022.1/data/xhub/boards/XilinxBoardStore/boards/Xilinx/vcu110/1.4/board.xml as part xcvu190-flgc2104-2-e specified in board_part file is either invalid or not available
WARNING: [Board 49-26] cannot add Board Part xilinx.com:vcu118:part0:2.0 available at C:/Xilinx/Vivado/2022.1/data/xhub/boards/XilinxBoardStore/boards/Xilinx/vcu118/2.0/board.xml as part xcvu9p-flga2104-2l-e specified in board_part file is either invalid or not available
WARNING: [Board 49-26] cannot add Board Part xilinx.com:vcu118:part0:2.3 available at C:/Xilinx/Vivado/2022.1/data/xhub/boards/XilinxBoardStore/boards/Xilinx/vcu118/2.3/board.xml as part xcvu9p-flga2104-2l-e specified in board_part file is either invalid or not available
WARNING: [Board 49-26] cannot add Board Part xilinx.com:vcu118:part0:2.4 available at C:/Xilinx/Vivado/2022.1/data/xhub/boards/XilinxBoardStore/boards/Xilinx/vcu118/2.4/board.xml as part xcvu9p-flga2104-2l-e specified in board_part file is either invalid or not available
WARNING: [Board 49-26] cannot add Board Part xilinx.com:vcu128:part0:1.0 available at C:/Xilinx/Vivado/2022.1/data/xhub/boards/XilinxBoardStore/boards/Xilinx/vcu128/production/1.0/board.xml as part xcvu37p-fsvh2892-2l-e specified in board_part file is either invalid or not available
WARNING: [Board 49-26] cannot add Board Part xilinx.com:vcu129:part0:1.0 available at C:/Xilinx/Vivado/2022.1/data/xhub/boards/XilinxBoardStore/boards/Xilinx/vcu129/production/1.0/board.xml as part xcvu29p-fsga2577-2l-e specified in board_part file is either invalid or not available
WARNING: [Board 49-26] cannot add Board Part xilinx.com:vcu1525:part0:1.3 available at C:/Xilinx/Vivado/2022.1/data/xhub/boards/XilinxBoardStore/boards/Xilinx/vcu1525/1.3/board.xml as part xcvu9p-fsgd2104-2l-e specified in board_part file is either invalid or not available
WARNING: [Board 49-26] cannot add Board Part xilinx.com:vpk120_es:part0:1.2 available at C:/Xilinx/Vivado/2022.1/data/xhub/boards/XilinxBoardStore/boards/Xilinx/vpk120/es/1.2/board.xml as part xcvp1202-vsva2785-2mp-e-s-es1 specified in board_part file is either invalid or not available
WARNING: [Board 49-26] cannot add Board Part xilinx.com:vpk120_es_revb:part0:1.0 available at C:/Xilinx/Vivado/2022.1/data/xhub/boards/XilinxBoardStore/boards/Xilinx/vpk120_revb/es/1.0/board.xml as part xcvp1202-vsva2785-2mp-e-s-es1 specified in board_part file is either invalid or not available
WARNING: [Board 49-26] cannot add Board Part xilinx.com:zcu208ld:part0:2.0 available at C:/Xilinx/Vivado/2022.1/data/xhub/boards/XilinxBoardStore/boards/Xilinx/zcu208ld/production/2.0/board.xml as part xczu58dr-fsvg1517-2-i specified in board_part file is either invalid or not available
WARNING: [Board 49-26] cannot add Board Part xilinx.com:zcu216ld:part0:2.0 available at C:/Xilinx/Vivado/2022.1/data/xhub/boards/XilinxBoardStore/boards/Xilinx/zcu216ld/production/2.0/board.xml as part xczu59dr-ffvf1760-2-i specified in board_part file is either invalid or not available
WARNING: [Board 49-26] cannot add Board Part xilinx.com:zcu670:part0:2.0 available at C:/Xilinx/Vivado/2022.1/data/xhub/boards/XilinxBoardStore/boards/Xilinx/zcu670/2.0/board.xml as part xczu67dr-fsve1156-2-i specified in board_part file is either invalid or not available
WARNING: [Board 49-26] cannot add Board Part xilinx.com:zcu670ld:part0:1.0 available at C:/Xilinx/Vivado/2022.1/data/xhub/boards/XilinxBoardStore/boards/Xilinx/zcu670ld/1.0/board.xml as part xczu57dr-fsve1156-2-i specified in board_part file is either invalid or not available
INFO: [IP_Flow 19-234] Refreshing IP repositories
INFO: [IP_Flow 19-1700] Loaded user IP repository 'd:/Dirk/Grad_School/525.742.8VL_SOC/HW/Module6/lab6/radio_periph_lab/ip_repo'.
INFO: [IP_Flow 19-795] Syncing license key meta-data
update_compile_order -fileset sources_1
set_property vendor dirk_holzman [ipx::current_core]
ipx::merge_project_changes files [ipx::current_core]
WARNING: [IP_Flow 19-5226] Project source file 'd:/Dirk/Grad_School/525.742.8VL_SOC/HW/Module6/lab6/radio_periph_lab/ip_repo/full_radio/component.xml' ignored by IP packager.
ipx::update_checksums [ipx::current_core]
ipx::save_core [ipx::current_core]
set_property version 1.1 [ipx::current_core]
set_property display_name full_radio_v1.1 [ipx::current_core]
set_property previous_version_for_upgrade {user.org:user:full_radio:1.0 jhu.edu:user:full_radio:1.0} [ipx::current_core]
set_property core_revision 1 [ipx::current_core]
ipx::create_xgui_files [ipx::current_core]
ipx::update_checksums [ipx::current_core]
ipx::check_integrity [ipx::current_core]
INFO: [IP_Flow 19-2181] Payment Required is not set for this core.
INFO: [IP_Flow 19-2187] The Product Guide file is missing.
INFO: [Ipptcl 7-1486] check_integrity: Integrity check passed.
ipx::save_core [ipx::current_core]
ipx::move_temp_component_back -component [ipx::current_core]
close_project -delete
update_ip_catalog -rebuild -repo_path d:/Dirk/Grad_School/525.742.8VL_SOC/HW/Module6/lab6/radio_periph_lab/ip_repo
INFO: [IP_Flow 19-725] Reloaded user IP repository 'd:/Dirk/Grad_School/525.742.8VL_SOC/HW/Module6/lab6/radio_periph_lab/ip_repo'
report_ip_status -name ip_status 
upgrade_ip -vlnv dirk_holzman:user:full_radio:1.1 [get_ips  design_1_full_radio_0_0] -log ip_upgrade.log
Upgrading 'D:/Dirk/Grad_School/525.742.8VL_SOC/HW/Module6/lab6/radio_periph_lab/vivado/radio_periph_lab.srcs/sources_1/bd/design_1/design_1.bd'
INFO: [IP_Flow 19-1972] Upgraded design_1_full_radio_0_0 from full_radio 1.0 to full_radio_v1.1 1.1
Wrote  : <D:\Dirk\Grad_School\525.742.8VL_SOC\HW\Module6\lab6\radio_periph_lab\vivado\radio_periph_lab.srcs\sources_1\bd\design_1\design_1.bd> 
Wrote  : <D:/Dirk/Grad_School/525.742.8VL_SOC/HW/Module6/lab6/radio_periph_lab/vivado/radio_periph_lab.srcs/sources_1/bd/design_1/ui/bd_1f5defd0.ui> 
INFO: [Coretcl 2-1525] Wrote upgrade log to 'D:/Dirk/Grad_School/525.742.8VL_SOC/HW/Module6/lab6/radio_periph_lab/vivado/ip_upgrade.log'.
export_ip_user_files -of_objects [get_ips design_1_full_radio_0_0] -no_script -sync -force -quiet
generate_target all [get_files  D:/Dirk/Grad_School/525.742.8VL_SOC/HW/Module6/lab6/radio_periph_lab/vivado/radio_periph_lab.srcs/sources_1/bd/design_1/design_1.bd]
WARNING: [BD 41-927] Following properties on pin /lowlevel_dac_intfc_0/clk125 have been updated from connected ip, but BD cell '/lowlevel_dac_intfc_0' does not accept parameter changes, so they may not be synchronized with cell properties:
	FREQ_HZ = 125000000 
Please resolve any mismatches by directly setting properties on BD cell </lowlevel_dac_intfc_0> to completely resolve these warnings.
Wrote  : <D:\Dirk\Grad_School\525.742.8VL_SOC\HW\Module6\lab6\radio_periph_lab\vivado\radio_periph_lab.srcs\sources_1\bd\design_1\design_1.bd> 
VHDL Output written to : d:/Dirk/Grad_School/525.742.8VL_SOC/HW/Module6/lab6/radio_periph_lab/vivado/radio_periph_lab.gen/sources_1/bd/design_1/synth/design_1.vhd
VHDL Output written to : d:/Dirk/Grad_School/525.742.8VL_SOC/HW/Module6/lab6/radio_periph_lab/vivado/radio_periph_lab.gen/sources_1/bd/design_1/sim/design_1.vhd
VHDL Output written to : d:/Dirk/Grad_School/525.742.8VL_SOC/HW/Module6/lab6/radio_periph_lab/vivado/radio_periph_lab.gen/sources_1/bd/design_1/hdl/design_1_wrapper.vhd
INFO: [IP_Flow 19-3422] Upgraded dds_compiler_0 (DDS Compiler 6.0) from revision 21 to revision 22
INFO: [BD 41-1029] Generation completed for the IP Integrator block full_radio_0 .
WARNING: [IP_Flow 19-4994] Overwriting existing constraint file 'd:/Dirk/Grad_School/525.742.8VL_SOC/HW/Module6/lab6/radio_periph_lab/vivado/radio_periph_lab.gen/sources_1/bd/design_1/ip/design_1_system_ila_0_0/design_1_system_ila_0_0_ooc.xdc'
Exporting to file d:/Dirk/Grad_School/525.742.8VL_SOC/HW/Module6/lab6/radio_periph_lab/vivado/radio_periph_lab.gen/sources_1/bd/design_1/ip/design_1_system_ila_0_0/bd_0/hw_handoff/design_1_system_ila_0_0.hwh
Generated Hardware Definition File d:/Dirk/Grad_School/525.742.8VL_SOC/HW/Module6/lab6/radio_periph_lab/vivado/radio_periph_lab.gen/sources_1/bd/design_1/ip/design_1_system_ila_0_0/bd_0/synth/design_1_system_ila_0_0.hwdef
INFO: [BD 41-1029] Generation completed for the IP Integrator block system_ila_0 .
WARNING: [IP_Flow 19-4994] Overwriting existing constraint file 'd:/Dirk/Grad_School/525.742.8VL_SOC/HW/Module6/lab6/radio_periph_lab/vivado/radio_periph_lab.gen/sources_1/bd/design_1/ip/design_1_auto_pc_0/design_1_auto_pc_0_ooc.xdc'
INFO: [BD 41-1029] Generation completed for the IP Integrator block ps7_0_axi_periph/s00_couplers/auto_pc .
WARNING: [IP_Flow 19-4994] Overwriting existing constraint file 'd:/Dirk/Grad_School/525.742.8VL_SOC/HW/Module6/lab6/radio_periph_lab/vivado/radio_periph_lab.gen/sources_1/bd/design_1/ip/design_1_auto_cc_0/design_1_auto_cc_0_ooc.xdc'
INFO: [IP_Flow 19-5611] Unable to find an associated reset port for the interface 'S_AXI'. A default connection has been created.
INFO: [IP_Flow 19-5611] Unable to find an associated reset port for the interface 'M_AXI'. A default connection has been created.
INFO: [BD 41-1029] Generation completed for the IP Integrator block ps7_0_axi_periph/m00_couplers/auto_cc .
WARNING: [IP_Flow 19-4994] Overwriting existing constraint file 'd:/Dirk/Grad_School/525.742.8VL_SOC/HW/Module6/lab6/radio_periph_lab/vivado/radio_periph_lab.gen/sources_1/bd/design_1/ip/design_1_auto_cc_1/design_1_auto_cc_1_ooc.xdc'
INFO: [IP_Flow 19-5611] Unable to find an associated reset port for the interface 'S_AXI'. A default connection has been created.
INFO: [IP_Flow 19-5611] Unable to find an associated reset port for the interface 'M_AXI'. A default connection has been created.
INFO: [BD 41-1029] Generation completed for the IP Integrator block ps7_0_axi_periph/m01_couplers/auto_cc .
Exporting to file d:/Dirk/Grad_School/525.742.8VL_SOC/HW/Module6/lab6/radio_periph_lab/vivado/radio_periph_lab.gen/sources_1/bd/design_1/hw_handoff/design_1.hwh
Generated Hardware Definition File d:/Dirk/Grad_School/525.742.8VL_SOC/HW/Module6/lab6/radio_periph_lab/vivado/radio_periph_lab.gen/sources_1/bd/design_1/synth/design_1.hwdef
generate_target: Time (s): cpu = 00:00:19 ; elapsed = 00:00:19 . Memory (MB): peak = 2363.723 ; gain = 324.859
catch { config_ip_cache -export [get_ips -all design_1_full_radio_0_0] }
catch { config_ip_cache -export [get_ips -all design_1_system_ila_0_0] }
INFO: [IP_Flow 19-4993] Using cached IP synthesis design for IP design_1_system_ila_0_0, cache-ID = fe0b4f0a98a15901; cache size = 19.873 MB.
config_ip_cache: Time (s): cpu = 00:00:07 ; elapsed = 00:00:08 . Memory (MB): peak = 2363.723 ; gain = 0.000
catch { [ delete_ip_run [get_ips -all design_1_system_ila_0_0] ] }
catch { config_ip_cache -export [get_ips -all design_1_auto_pc_0] }
INFO: [IP_Flow 19-4993] Using cached IP synthesis design for IP design_1_auto_pc_0, cache-ID = 2e391066b4f9282e; cache size = 19.873 MB.
catch { config_ip_cache -export [get_ips -all design_1_auto_cc_0] }
INFO: [IP_Flow 19-4993] Using cached IP synthesis design for IP design_1_auto_cc_0, cache-ID = 6c81437af7dfecb6; cache size = 19.873 MB.
catch { config_ip_cache -export [get_ips -all design_1_auto_cc_1] }
INFO: [IP_Flow 19-4993] Using cached IP synthesis design for IP design_1_auto_cc_1, cache-ID = 63e2634af549c109; cache size = 19.873 MB.
export_ip_user_files -of_objects [get_files D:/Dirk/Grad_School/525.742.8VL_SOC/HW/Module6/lab6/radio_periph_lab/vivado/radio_periph_lab.srcs/sources_1/bd/design_1/design_1.bd] -no_script -sync -force -quiet
create_ip_run [get_files -of_objects [get_fileset sources_1] D:/Dirk/Grad_School/525.742.8VL_SOC/HW/Module6/lab6/radio_periph_lab/vivado/radio_periph_lab.srcs/sources_1/bd/design_1/design_1.bd]
launch_runs design_1_full_radio_0_0_synth_1 -jobs 8
[Mon Apr 10 10:58:23 2023] Launched design_1_full_radio_0_0_synth_1...
Run output will be captured here: D:/Dirk/Grad_School/525.742.8VL_SOC/HW/Module6/lab6/radio_periph_lab/vivado/radio_periph_lab.runs/design_1_full_radio_0_0_synth_1/runme.log
export_simulation -of_objects [get_files D:/Dirk/Grad_School/525.742.8VL_SOC/HW/Module6/lab6/radio_periph_lab/vivado/radio_periph_lab.srcs/sources_1/bd/design_1/design_1.bd] -directory D:/Dirk/Grad_School/525.742.8VL_SOC/HW/Module6/lab6/radio_periph_lab/vivado/radio_periph_lab.ip_user_files/sim_scripts -ip_user_files_dir D:/Dirk/Grad_School/525.742.8VL_SOC/HW/Module6/lab6/radio_periph_lab/vivado/radio_periph_lab.ip_user_files -ipstatic_source_dir D:/Dirk/Grad_School/525.742.8VL_SOC/HW/Module6/lab6/radio_periph_lab/vivado/radio_periph_lab.ip_user_files/ipstatic -lib_map_path [list {modelsim=D:/Dirk/Grad_School/525.742.8VL_SOC/HW/Module6/lab6/radio_periph_lab/vivado/radio_periph_lab.cache/compile_simlib/modelsim} {questa=D:/Dirk/Grad_School/525.742.8VL_SOC/HW/Module6/lab6/radio_periph_lab/vivado/radio_periph_lab.cache/compile_simlib/questa} {riviera=D:/Dirk/Grad_School/525.742.8VL_SOC/HW/Module6/lab6/radio_periph_lab/vivado/radio_periph_lab.cache/compile_simlib/riviera} {activehdl=D:/Dirk/Grad_School/525.742.8VL_SOC/HW/Module6/lab6/radio_periph_lab/vivado/radio_periph_lab.cache/compile_simlib/activehdl}] -use_ip_compiled_libs -force -quiet
report_ip_status -name ip_status 
validate_bd_design -force
WARNING: [BD 41-927] Following properties on pin /lowlevel_dac_intfc_0/clk125 have been updated from connected ip, but BD cell '/lowlevel_dac_intfc_0' does not accept parameter changes, so they may not be synchronized with cell properties:
	FREQ_HZ = 125000000 
Please resolve any mismatches by directly setting properties on BD cell </lowlevel_dac_intfc_0> to completely resolve these warnings.
report_ip_status -name ip_status 
save_bd_design
Wrote  : <D:\Dirk\Grad_School\525.742.8VL_SOC\HW\Module6\lab6\radio_periph_lab\vivado\radio_periph_lab.srcs\sources_1\bd\design_1\design_1.bd> 
reset_run synth_1
INFO: [Project 1-1160] Copying file D:/Dirk/Grad_School/525.742.8VL_SOC/HW/Module6/lab6/radio_periph_lab/vivado/radio_periph_lab.runs/synth_1/design_1_wrapper.dcp to D:/Dirk/Grad_School/525.742.8VL_SOC/HW/Module6/lab6/radio_periph_lab_main/vivado/radio_periph_lab.srcs/utils_1/imports/synth_1 and adding it to utils fileset
launch_runs impl_1 -to_step write_bitstream -jobs 8
INFO: [BD 41-1662] The design 'design_1.bd' is already validated. Therefore parameter propagation will not be re-run.
VHDL Output written to : d:/Dirk/Grad_School/525.742.8VL_SOC/HW/Module6/lab6/radio_periph_lab/vivado/radio_periph_lab.gen/sources_1/bd/design_1/synth/design_1.vhd
VHDL Output written to : d:/Dirk/Grad_School/525.742.8VL_SOC/HW/Module6/lab6/radio_periph_lab/vivado/radio_periph_lab.gen/sources_1/bd/design_1/sim/design_1.vhd
VHDL Output written to : d:/Dirk/Grad_School/525.742.8VL_SOC/HW/Module6/lab6/radio_periph_lab/vivado/radio_periph_lab.gen/sources_1/bd/design_1/hdl/design_1_wrapper.vhd
WARNING: [IP_Flow 19-4994] Overwriting existing constraint file 'd:/Dirk/Grad_School/525.742.8VL_SOC/HW/Module6/lab6/radio_periph_lab/vivado/radio_periph_lab.gen/sources_1/bd/design_1/ip/design_1_system_ila_0_0/design_1_system_ila_0_0_ooc.xdc'
Exporting to file d:/Dirk/Grad_School/525.742.8VL_SOC/HW/Module6/lab6/radio_periph_lab/vivado/radio_periph_lab.gen/sources_1/bd/design_1/ip/design_1_system_ila_0_0/bd_0/hw_handoff/design_1_system_ila_0_0.hwh
Generated Hardware Definition File d:/Dirk/Grad_School/525.742.8VL_SOC/HW/Module6/lab6/radio_periph_lab/vivado/radio_periph_lab.gen/sources_1/bd/design_1/ip/design_1_system_ila_0_0/bd_0/synth/design_1_system_ila_0_0.hwdef
INFO: [BD 41-1029] Generation completed for the IP Integrator block system_ila_0 .
WARNING: [IP_Flow 19-4994] Overwriting existing constraint file 'd:/Dirk/Grad_School/525.742.8VL_SOC/HW/Module6/lab6/radio_periph_lab/vivado/radio_periph_lab.gen/sources_1/bd/design_1/ip/design_1_auto_pc_0/design_1_auto_pc_0_ooc.xdc'
INFO: [BD 41-1029] Generation completed for the IP Integrator block ps7_0_axi_periph/s00_couplers/auto_pc .
WARNING: [IP_Flow 19-4994] Overwriting existing constraint file 'd:/Dirk/Grad_School/525.742.8VL_SOC/HW/Module6/lab6/radio_periph_lab/vivado/radio_periph_lab.gen/sources_1/bd/design_1/ip/design_1_auto_cc_0/design_1_auto_cc_0_ooc.xdc'
INFO: [IP_Flow 19-5611] Unable to find an associated reset port for the interface 'S_AXI'. A default connection has been created.
INFO: [IP_Flow 19-5611] Unable to find an associated reset port for the interface 'M_AXI'. A default connection has been created.
INFO: [BD 41-1029] Generation completed for the IP Integrator block ps7_0_axi_periph/m00_couplers/auto_cc .
WARNING: [IP_Flow 19-4994] Overwriting existing constraint file 'd:/Dirk/Grad_School/525.742.8VL_SOC/HW/Module6/lab6/radio_periph_lab/vivado/radio_periph_lab.gen/sources_1/bd/design_1/ip/design_1_auto_cc_1/design_1_auto_cc_1_ooc.xdc'
INFO: [IP_Flow 19-5611] Unable to find an associated reset port for the interface 'S_AXI'. A default connection has been created.
INFO: [IP_Flow 19-5611] Unable to find an associated reset port for the interface 'M_AXI'. A default connection has been created.
INFO: [BD 41-1029] Generation completed for the IP Integrator block ps7_0_axi_periph/m01_couplers/auto_cc .
Exporting to file d:/Dirk/Grad_School/525.742.8VL_SOC/HW/Module6/lab6/radio_periph_lab/vivado/radio_periph_lab.gen/sources_1/bd/design_1/hw_handoff/design_1.hwh
Generated Hardware Definition File d:/Dirk/Grad_School/525.742.8VL_SOC/HW/Module6/lab6/radio_periph_lab/vivado/radio_periph_lab.gen/sources_1/bd/design_1/synth/design_1.hwdef
INFO: [IP_Flow 19-4993] Using cached IP synthesis design for IP design_1_auto_cc_0, cache-ID = 6c81437af7dfecb6; cache size = 20.903 MB.
INFO: [IP_Flow 19-4993] Using cached IP synthesis design for IP design_1_auto_cc_1, cache-ID = 63e2634af549c109; cache size = 20.903 MB.
INFO: [IP_Flow 19-4993] Using cached IP synthesis design for IP design_1_auto_pc_0, cache-ID = 2e391066b4f9282e; cache size = 20.903 MB.
INFO: [IP_Flow 19-4993] Using cached IP synthesis design for IP design_1_system_ila_0_0, cache-ID = fe0b4f0a98a15901; cache size = 20.903 MB.
config_ip_cache: Time (s): cpu = 00:00:07 ; elapsed = 00:00:07 . Memory (MB): peak = 2420.703 ; gain = 0.000
[Mon Apr 10 11:00:50 2023] Launched synth_1...
Run output will be captured here: D:/Dirk/Grad_School/525.742.8VL_SOC/HW/Module6/lab6/radio_periph_lab/vivado/radio_periph_lab.runs/synth_1/runme.log
[Mon Apr 10 11:00:50 2023] Launched impl_1...
Run output will be captured here: D:/Dirk/Grad_School/525.742.8VL_SOC/HW/Module6/lab6/radio_periph_lab/vivado/radio_periph_lab.runs/impl_1/runme.log
launch_runs: Time (s): cpu = 00:00:13 ; elapsed = 00:00:15 . Memory (MB): peak = 2420.703 ; gain = 37.281
open_hw_manager
exit
INFO: [Common 17-206] Exiting Vivado at Mon Apr 10 11:04:47 2023...
