
*** Running vivado
    with args -log proc_system_xpm_cdc_gen_0_1.vds -m64 -product Vivado -mode batch -messageDb vivado.pb -notrace -source proc_system_xpm_cdc_gen_0_1.tcl



****** Vivado v2022.1 (64-bit)
  **** SW Build 3526262 on Mon Apr 18 15:48:16 MDT 2022
  **** IP Build 3524634 on Mon Apr 18 20:55:01 MDT 2022
    ** Copyright 1986-2022 Xilinx, Inc. All Rights Reserved.

source proc_system_xpm_cdc_gen_0_1.tcl -notrace
Command: synth_design -top proc_system_xpm_cdc_gen_0_1 -part xc7z020clg400-1 -incremental_mode off -mode out_of_context
Starting synth_design
Attempting to get a license for feature 'Synthesis' and/or device 'xc7z020'
INFO: [Common 17-349] Got license for feature 'Synthesis' and/or device 'xc7z020'
INFO: [Device 21-403] Loading part xc7z020clg400-1
INFO: [Synth 8-7079] Multithreading enabled for synth_design using a maximum of 2 processes.
INFO: [Synth 8-7078] Launching helper process for spawning children vivado processes
INFO: [Synth 8-7075] Helper process launched with PID 27908

*** Running vivado
    with args -log proc_system_xpm_cdc_gen_0_1.vds -m64 -product Vivado -mode batch -messageDb vivado.pb -notrace -source proc_system_xpm_cdc_gen_0_1.tcl



****** Vivado v2022.1 (64-bit)
  **** SW Build 3526262 on Mon Apr 18 15:48:16 MDT 2022
  **** IP Build 3524634 on Mon Apr 18 20:55:01 MDT 2022
    ** Copyright 1986-2022 Xilinx, Inc. All Rights Reserved.

source proc_system_xpm_cdc_gen_0_1.tcl -notrace
Command: synth_design -top proc_system_xpm_cdc_gen_0_1 -part xc7z020clg400-1 -incremental_mode off -mode out_of_context
Starting synth_design
Attempting to get a license for feature 'Synthesis' and/or device 'xc7z020'
INFO: [Common 17-349] Got license for feature 'Synthesis' and/or device 'xc7z020'
INFO: [Device 21-403] Loading part xc7z020clg400-1
INFO: [Synth 8-7079] Multithreading enabled for synth_design using a maximum of 2 processes.
INFO: [Synth 8-7078] Launching helper process for spawning children vivado processes
INFO: [Synth 8-7075] Helper process launched with PID 19952
---------------------------------------------------------------------------------
Starting RTL Elaboration : Time (s): cpu = 00:00:06 ; elapsed = 00:00:07 . Memory (MB): peak = 1650.688 ; gain = 28.965
---------------------------------------------------------------------------------
INFO: [Synth 8-6157] synthesizing module 'proc_system_xpm_cdc_gen_0_1' [d:/Dirk/Grad_School/525.742.8VL_SOC/HW/Module3/lab3b/vivado/lab3b.gen/sources_1/bd/proc_system/ip/proc_system_xpm_cdc_gen_0_1/synth/proc_system_xpm_cdc_gen_0_1.v:53]
INFO: [Synth 8-6157] synthesizing module 'xpm_cdc_gen_v1_0_1' [d:/Dirk/Grad_School/525.742.8VL_SOC/HW/Module3/lab3b/vivado/lab3b.gen/sources_1/bd/proc_system/ipshared/4c7c/hdl/xpm_cdc_gen_v1_0_vl_rfs.v:52]
INFO: [Synth 8-6157] synthesizing module 'xpm_cdc_async_rst' [C:/Xilinx/Vivado/2022.1/data/ip/xpm/xpm_cdc/hdl/xpm_cdc.sv:1174]
INFO: [Synth 8-6155] done synthesizing module 'xpm_cdc_async_rst' (0#1) [C:/Xilinx/Vivado/2022.1/data/ip/xpm/xpm_cdc/hdl/xpm_cdc.sv:1174]
INFO: [Synth 8-6155] done synthesizing module 'xpm_cdc_gen_v1_0_1' (0#1) [d:/Dirk/Grad_School/525.742.8VL_SOC/HW/Module3/lab3b/vivado/lab3b.gen/sources_1/bd/proc_system/ipshared/4c7c/hdl/xpm_cdc_gen_v1_0_vl_rfs.v:52]
INFO: [Synth 8-6155] done synthesizing module 'proc_system_xpm_cdc_gen_0_1' (0#1) [d:/Dirk/Grad_School/525.742.8VL_SOC/HW/Module3/lab3b/vivado/lab3b.gen/sources_1/bd/proc_system/ip/proc_system_xpm_cdc_gen_0_1/synth/proc_system_xpm_cdc_gen_0_1.v:53]
WARNING: [Synth 8-3848] Net dest_out in module/entity xpm_cdc_gen_v1_0_1 does not have driver. [d:/Dirk/Grad_School/525.742.8VL_SOC/HW/Module3/lab3b/vivado/lab3b.gen/sources_1/bd/proc_system/ipshared/4c7c/hdl/xpm_cdc_gen_v1_0_vl_rfs.v:84]
WARNING: [Synth 8-3848] Net dest_out_bin in module/entity xpm_cdc_gen_v1_0_1 does not have driver. [d:/Dirk/Grad_School/525.742.8VL_SOC/HW/Module3/lab3b/vivado/lab3b.gen/sources_1/bd/proc_system/ipshared/4c7c/hdl/xpm_cdc_gen_v1_0_vl_rfs.v:85]
WARNING: [Synth 8-3848] Net src_rcv in module/entity xpm_cdc_gen_v1_0_1 does not have driver. [d:/Dirk/Grad_School/525.742.8VL_SOC/HW/Module3/lab3b/vivado/lab3b.gen/sources_1/bd/proc_system/ipshared/4c7c/hdl/xpm_cdc_gen_v1_0_vl_rfs.v:86]
WARNING: [Synth 8-3848] Net dest_req in module/entity xpm_cdc_gen_v1_0_1 does not have driver. [d:/Dirk/Grad_School/525.742.8VL_SOC/HW/Module3/lab3b/vivado/lab3b.gen/sources_1/bd/proc_system/ipshared/4c7c/hdl/xpm_cdc_gen_v1_0_vl_rfs.v:87]
WARNING: [Synth 8-3848] Net dest_pulse in module/entity xpm_cdc_gen_v1_0_1 does not have driver. [d:/Dirk/Grad_School/525.742.8VL_SOC/HW/Module3/lab3b/vivado/lab3b.gen/sources_1/bd/proc_system/ipshared/4c7c/hdl/xpm_cdc_gen_v1_0_vl_rfs.v:88]
WARNING: [Synth 8-3848] Net dest_rst_out in module/entity xpm_cdc_gen_v1_0_1 does not have driver. [d:/Dirk/Grad_School/525.742.8VL_SOC/HW/Module3/lab3b/vivado/lab3b.gen/sources_1/bd/proc_system/ipshared/4c7c/hdl/xpm_cdc_gen_v1_0_vl_rfs.v:89]
WARNING: [Synth 8-7129] Port dest_out[0] in module xpm_cdc_gen_v1_0_1 is either unconnected or has no load
WARNING: [Synth 8-7129] Port dest_out_bin[0] in module xpm_cdc_gen_v1_0_1 is either unconnected or has no load
WARNING: [Synth 8-7129] Port src_rcv in module xpm_cdc_gen_v1_0_1 is either unconnected or has no load
WARNING: [Synth 8-7129] Port dest_req in module xpm_cdc_gen_v1_0_1 is either unconnected or has no load
WARNING: [Synth 8-7129] Port dest_pulse in module xpm_cdc_gen_v1_0_1 is either unconnected or has no load
WARNING: [Synth 8-7129] Port dest_rst_out in module xpm_cdc_gen_v1_0_1 is either unconnected or has no load
WARNING: [Synth 8-7129] Port src_clk in module xpm_cdc_gen_v1_0_1 is either unconnected or has no load
WARNING: [Synth 8-7129] Port src_in_bin[0] in module xpm_cdc_gen_v1_0_1 is either unconnected or has no load
WARNING: [Synth 8-7129] Port src_in[0] in module xpm_cdc_gen_v1_0_1 is either unconnected or has no load
WARNING: [Synth 8-7129] Port src_send in module xpm_cdc_gen_v1_0_1 is either unconnected or has no load
WARNING: [Synth 8-7129] Port dest_ack in module xpm_cdc_gen_v1_0_1 is either unconnected or has no load
WARNING: [Synth 8-7129] Port src_pulse in module xpm_cdc_gen_v1_0_1 is either unconnected or has no load
WARNING: [Synth 8-7129] Port src_rst in module xpm_cdc_gen_v1_0_1 is either unconnected or has no load
WARNING: [Synth 8-7129] Port dest_rst_in in module xpm_cdc_gen_v1_0_1 is either unconnected or has no load
---------------------------------------------------------------------------------
Finished RTL Elaboration : Time (s): cpu = 00:00:07 ; elapsed = 00:00:09 . Memory (MB): peak = 1734.934 ; gain = 113.211
---------------------------------------------------------------------------------
---------------------------------------------------------------------------------
Start Handling Custom Attributes
---------------------------------------------------------------------------------
---------------------------------------------------------------------------------
Finished Handling Custom Attributes : Time (s): cpu = 00:00:07 ; elapsed = 00:00:09 . Memory (MB): peak = 1734.934 ; gain = 113.211
---------------------------------------------------------------------------------
---------------------------------------------------------------------------------
Finished RTL Optimization Phase 1 : Time (s): cpu = 00:00:07 ; elapsed = 00:00:09 . Memory (MB): peak = 1734.934 ; gain = 113.211
---------------------------------------------------------------------------------
Netlist sorting complete. Time (s): cpu = 00:00:00 ; elapsed = 00:00:00 . Memory (MB): peak = 1734.934 ; gain = 0.000
INFO: [Project 1-570] Preparing netlist for logic optimization

Processing XDC Constraints
Initializing timing engine
Parsing XDC File [d:/Dirk/Grad_School/525.742.8VL_SOC/HW/Module3/lab3b/vivado/lab3b.gen/sources_1/bd/proc_system/ip/proc_system_xpm_cdc_gen_0_1/synth/proc_system_xpm_cdc_gen_0_1_ooc.xdc] for cell 'inst'
Finished Parsing XDC File [d:/Dirk/Grad_School/525.742.8VL_SOC/HW/Module3/lab3b/vivado/lab3b.gen/sources_1/bd/proc_system/ip/proc_system_xpm_cdc_gen_0_1/synth/proc_system_xpm_cdc_gen_0_1_ooc.xdc] for cell 'inst'
Parsing XDC File [d:/Dirk/Grad_School/525.742.8VL_SOC/HW/Module3/lab3b/vivado/lab3b.gen/sources_1/bd/proc_system/ip/proc_system_xpm_cdc_gen_0_1/proc_system_xpm_cdc_gen_0_1_ooc.xdc] for cell 'inst'
Finished Parsing XDC File [d:/Dirk/Grad_School/525.742.8VL_SOC/HW/Module3/lab3b/vivado/lab3b.gen/sources_1/bd/proc_system/ip/proc_system_xpm_cdc_gen_0_1/proc_system_xpm_cdc_gen_0_1_ooc.xdc] for cell 'inst'
Parsing XDC File [D:/Dirk/Grad_School/525.742.8VL_SOC/HW/Module3/lab3b/vivado/lab3b.runs/proc_system_xpm_cdc_gen_0_1_synth_1/dont_touch.xdc]
Finished Parsing XDC File [D:/Dirk/Grad_School/525.742.8VL_SOC/HW/Module3/lab3b/vivado/lab3b.runs/proc_system_xpm_cdc_gen_0_1_synth_1/dont_touch.xdc]
INFO: [Project 1-1714] 1 XPM XDC files have been applied to the design.
Completed Processing XDC Constraints

Netlist sorting complete. Time (s): cpu = 00:00:00 ; elapsed = 00:00:00 . Memory (MB): peak = 1744.715 ; gain = 0.000
INFO: [Project 1-111] Unisim Transformation Summary:
No Unisim elements were transformed.

Constraint Validation Runtime : Time (s): cpu = 00:00:00 ; elapsed = 00:00:00.013 . Memory (MB): peak = 1750.121 ; gain = 5.406
INFO: [Designutils 20-5008] Incremental synthesis strategy off
---------------------------------------------------------------------------------
Finished Constraint Validation : Time (s): cpu = 00:00:14 ; elapsed = 00:00:16 . Memory (MB): peak = 1750.121 ; gain = 128.398
---------------------------------------------------------------------------------
---------------------------------------------------------------------------------
Start Loading Part and Timing Information
---------------------------------------------------------------------------------
Loading part: xc7z020clg400-1
---------------------------------------------------------------------------------
Finished Loading Part and Timing Information : Time (s): cpu = 00:00:14 ; elapsed = 00:00:16 . Memory (MB): peak = 1750.121 ; gain = 128.398
---------------------------------------------------------------------------------
---------------------------------------------------------------------------------
Start Applying 'set_property' XDC Constraints
---------------------------------------------------------------------------------
Applied set_property KEEP_HIERARCHY = SOFT for inst. (constraint file  D:/Dirk/Grad_School/525.742.8VL_SOC/HW/Module3/lab3b/vivado/lab3b.runs/proc_system_xpm_cdc_gen_0_1_synth_1/dont_touch.xdc, line 9).
Applied set_property KEEP_HIERARCHY = SOFT for inst/xarst. (constraint file  auto generated constraint).
---------------------------------------------------------------------------------
Finished applying 'set_property' XDC Constraints : Time (s): cpu = 00:00:14 ; elapsed = 00:00:16 . Memory (MB): peak = 1750.121 ; gain = 128.398
---------------------------------------------------------------------------------
---------------------------------------------------------------------------------
Finished RTL Optimization Phase 2 : Time (s): cpu = 00:00:15 ; elapsed = 00:00:16 . Memory (MB): peak = 1750.121 ; gain = 128.398
---------------------------------------------------------------------------------
---------------------------------------------------------------------------------
Start RTL Component Statistics 
---------------------------------------------------------------------------------
Detailed RTL Component Info : 
+---XORs : 
	   2 Input      1 Bit         XORs := 1     
+---Registers : 
	                4 Bit    Registers := 1     
---------------------------------------------------------------------------------
Finished RTL Component Statistics 
---------------------------------------------------------------------------------
---------------------------------------------------------------------------------
Start Part Resource Summary
---------------------------------------------------------------------------------
Part Resources:
DSPs: 220 (col length:60)
BRAMs: 280 (col length: RAMB18 60 RAMB36 30)
---------------------------------------------------------------------------------
Finished Part Resource Summary
---------------------------------------------------------------------------------
---------------------------------------------------------------------------------
Start Cross Boundary and Area Optimization
---------------------------------------------------------------------------------
WARNING: [Synth 8-7080] Parallel synthesis criteria is not met
WARNING: [Synth 8-7129] Port dest_out[0] in module xpm_cdc_gen_v1_0_1 is either unconnected or has no load
WARNING: [Synth 8-7129] Port dest_out_bin[0] in module xpm_cdc_gen_v1_0_1 is either unconnected or has no load
WARNING: [Synth 8-7129] Port src_rcv in module xpm_cdc_gen_v1_0_1 is either unconnected or has no load
WARNING: [Synth 8-7129] Port dest_req in module xpm_cdc_gen_v1_0_1 is either unconnected or has no load
WARNING: [Synth 8-7129] Port dest_pulse in module xpm_cdc_gen_v1_0_1 is either unconnected or has no load
WARNING: [Synth 8-7129] Port dest_rst_out in module xpm_cdc_gen_v1_0_1 is either unconnected or has no load
WARNING: [Synth 8-7129] Port src_clk in module xpm_cdc_gen_v1_0_1 is either unconnected or has no load
WARNING: [Synth 8-7129] Port src_in_bin[0] in module xpm_cdc_gen_v1_0_1 is either unconnected or has no load
WARNING: [Synth 8-7129] Port src_in[0] in module xpm_cdc_gen_v1_0_1 is either unconnected or has no load
WARNING: [Synth 8-7129] Port src_send in module xpm_cdc_gen_v1_0_1 is either unconnected or has no load
WARNING: [Synth 8-7129] Port dest_ack in module xpm_cdc_gen_v1_0_1 is either unconnected or has no load
WARNING: [Synth 8-7129] Port src_pulse in module xpm_cdc_gen_v1_0_1 is either unconnected or has no load
WARNING: [Synth 8-7129] Port src_rst in module xpm_cdc_gen_v1_0_1 is either unconnected or has no load
WARNING: [Synth 8-7129] Port dest_rst_in in module xpm_cdc_gen_v1_0_1 is either unconnected or has no load
---------------------------------------------------------------------------------
Finished Cross Boundary and Area Optimization : Time (s): cpu = 00:00:16 ; elapsed = 00:00:18 . Memory (MB): peak = 1750.121 ; gain = 128.398
---------------------------------------------------------------------------------
---------------------------------------------------------------------------------
Start Applying XDC Timing Constraints
---------------------------------------------------------------------------------
INFO: [Synth 8-5578] Moved timing constraint from pin 'inst/xarst/src_arst' to pin 'src_arst'
INFO: [Synth 8-5819] Moved 1 constraints on hierarchical pins to their respective driving/loading pins
---------------------------------------------------------------------------------
Finished Applying XDC Timing Constraints : Time (s): cpu = 00:00:22 ; elapsed = 00:00:23 . Memory (MB): peak = 1750.121 ; gain = 128.398
---------------------------------------------------------------------------------
---------------------------------------------------------------------------------
Start Timing Optimization
---------------------------------------------------------------------------------
---------------------------------------------------------------------------------
Finished Timing Optimization : Time (s): cpu = 00:00:22 ; elapsed = 00:00:23 . Memory (MB): peak = 1750.121 ; gain = 128.398
---------------------------------------------------------------------------------
---------------------------------------------------------------------------------
Start Technology Mapping
---------------------------------------------------------------------------------
---------------------------------------------------------------------------------
Finished Technology Mapping : Time (s): cpu = 00:00:22 ; elapsed = 00:00:23 . Memory (MB): peak = 1764.109 ; gain = 142.387
---------------------------------------------------------------------------------
---------------------------------------------------------------------------------
Start IO Insertion
---------------------------------------------------------------------------------
---------------------------------------------------------------------------------
Start Flattening Before IO Insertion
---------------------------------------------------------------------------------
---------------------------------------------------------------------------------
Finished Flattening Before IO Insertion
---------------------------------------------------------------------------------
---------------------------------------------------------------------------------
Start Final Netlist Cleanup
---------------------------------------------------------------------------------
---------------------------------------------------------------------------------
Finished Final Netlist Cleanup
---------------------------------------------------------------------------------
---------------------------------------------------------------------------------
Finished IO Insertion : Time (s): cpu = 00:00:26 ; elapsed = 00:00:27 . Memory (MB): peak = 1768.918 ; gain = 147.195
---------------------------------------------------------------------------------
---------------------------------------------------------------------------------
Start Renaming Generated Instances
---------------------------------------------------------------------------------
---------------------------------------------------------------------------------
Finished Renaming Generated Instances : Time (s): cpu = 00:00:26 ; elapsed = 00:00:27 . Memory (MB): peak = 1768.918 ; gain = 147.195
---------------------------------------------------------------------------------
---------------------------------------------------------------------------------
Start Rebuilding User Hierarchy
---------------------------------------------------------------------------------
---------------------------------------------------------------------------------
Finished Rebuilding User Hierarchy : Time (s): cpu = 00:00:26 ; elapsed = 00:00:27 . Memory (MB): peak = 1768.918 ; gain = 147.195
---------------------------------------------------------------------------------
---------------------------------------------------------------------------------
Start Renaming Generated Ports
---------------------------------------------------------------------------------
---------------------------------------------------------------------------------
Finished Renaming Generated Ports : Time (s): cpu = 00:00:26 ; elapsed = 00:00:27 . Memory (MB): peak = 1768.918 ; gain = 147.195
---------------------------------------------------------------------------------
---------------------------------------------------------------------------------
Start Handling Custom Attributes
---------------------------------------------------------------------------------
---------------------------------------------------------------------------------
Finished Handling Custom Attributes : Time (s): cpu = 00:00:26 ; elapsed = 00:00:27 . Memory (MB): peak = 1768.918 ; gain = 147.195
---------------------------------------------------------------------------------
---------------------------------------------------------------------------------
Start Renaming Generated Nets
---------------------------------------------------------------------------------
---------------------------------------------------------------------------------
Finished Renaming Generated Nets : Time (s): cpu = 00:00:26 ; elapsed = 00:00:27 . Memory (MB): peak = 1768.918 ; gain = 147.195
---------------------------------------------------------------------------------
---------------------------------------------------------------------------------
Start Writing Synthesis Report
---------------------------------------------------------------------------------

Report BlackBoxes: 
+-+--------------+----------+
| |BlackBox name |Instances |
+-+--------------+----------+
+-+--------------+----------+

Report Cell Usage: 
+------+-----+------+
|      |Cell |Count |
+------+-----+------+
|1     |LUT1 |     1|
|2     |FDCE |     4|
+------+-----+------+
---------------------------------------------------------------------------------
Finished Writing Synthesis Report : Time (s): cpu = 00:00:26 ; elapsed = 00:00:27 . Memory (MB): peak = 1768.918 ; gain = 147.195
---------------------------------------------------------------------------------
Synthesis finished with 0 errors, 0 critical warnings and 15 warnings.
Synthesis Optimization Runtime : Time (s): cpu = 00:00:17 ; elapsed = 00:00:25 . Memory (MB): peak = 1768.918 ; gain = 132.008
Synthesis Optimization Complete : Time (s): cpu = 00:00:26 ; elapsed = 00:00:27 . Memory (MB): peak = 1768.918 ; gain = 147.195
INFO: [Project 1-571] Translating synthesized netlist
Netlist sorting complete. Time (s): cpu = 00:00:00 ; elapsed = 00:00:00 . Memory (MB): peak = 1780.977 ; gain = 0.000
INFO: [Project 1-570] Preparing netlist for logic optimization
INFO: [Opt 31-138] Pushed 0 inverter(s) to 0 load pin(s).
Netlist sorting complete. Time (s): cpu = 00:00:00 ; elapsed = 00:00:00 . Memory (MB): peak = 1796.277 ; gain = 0.000
INFO: [Project 1-111] Unisim Transformation Summary:
No Unisim elements were transformed.

Synth Design complete, checksum: bad7c666
INFO: [Common 17-83] Releasing license: Synthesis
22 Infos, 35 Warnings, 0 Critical Warnings and 0 Errors encountered.
synth_design completed successfully
synth_design: Time (s): cpu = 00:00:30 ; elapsed = 00:00:33 . Memory (MB): peak = 1796.277 ; gain = 174.555
INFO: [Common 17-1381] The checkpoint 'D:/Dirk/Grad_School/525.742.8VL_SOC/HW/Module3/lab3b/vivado/lab3b.runs/proc_system_xpm_cdc_gen_0_1_synth_1/proc_system_xpm_cdc_gen_0_1.dcp' has been generated.
INFO: [Coretcl 2-1648] Added synthesis output to IP cache for IP proc_system_xpm_cdc_gen_0_1, cache-ID = 596582d309d52fee
INFO: [Coretcl 2-1174] Renamed 2 cell refs.
INFO: [Common 17-1381] The checkpoint 'D:/Dirk/Grad_School/525.742.8VL_SOC/HW/Module3/lab3b/vivado/lab3b.runs/proc_system_xpm_cdc_gen_0_1_synth_1/proc_system_xpm_cdc_gen_0_1.dcp' has been generated.
INFO: [runtcl-4] Executing : report_utilization -file proc_system_xpm_cdc_gen_0_1_utilization_synth.rpt -pb proc_system_xpm_cdc_gen_0_1_utilization_synth.pb
INFO: [Common 17-206] Exiting Vivado at Sun Feb 26 13:51:24 2023...
