
*** Running vivado
    with args -log design_1_xbar_0.vds -m64 -product Vivado -mode batch -messageDb vivado.pb -notrace -source design_1_xbar_0.tcl



****** Vivado v2022.1 (64-bit)
  **** SW Build 3526262 on Mon Apr 18 15:48:16 MDT 2022
  **** IP Build 3524634 on Mon Apr 18 20:55:01 MDT 2022
    ** Copyright 1986-2022 Xilinx, Inc. All Rights Reserved.

source design_1_xbar_0.tcl -notrace
create_project: Time (s): cpu = 00:00:06 ; elapsed = 00:00:06 . Memory (MB): peak = 1655.492 ; gain = 0.000
INFO: [IP_Flow 19-234] Refreshing IP repositories
INFO: [IP_Flow 19-1700] Loaded user IP repository 'd:/Dirk/Grad_School/525.742.8VL_SOC/HW/Module6/lab6/radio_periph_lab_main/ip_repo'.
INFO: [IP_Flow 19-2313] Loaded Vivado IP repository 'C:/Xilinx/Vivado/2022.1/data/ip'.
WARNING: [IP_Flow 19-4995] The host OS only allows 260 characters in a normal path. The IP cache path is more than 80 characters. If you experience issues with IP caching, please consider changing the IP cache to a location with a shorter path. Alternately consider using the OS subst command to map part of the path to a drive letter. 
Current IP cache path is d:/Dirk/Grad_School/525.742.8VL_SOC/HW/Module6/lab6/radio_periph_lab_main/vivado/radio_periph_lab.cache/ip 
Command: synth_design -top design_1_xbar_0 -part xc7z020clg400-1 -incremental_mode off -mode out_of_context
Starting synth_design
Attempting to get a license for feature 'Synthesis' and/or device 'xc7z020'
INFO: [Common 17-349] Got license for feature 'Synthesis' and/or device 'xc7z020'
INFO: [Device 21-403] Loading part xc7z020clg400-1
INFO: [Synth 8-7079] Multithreading enabled for synth_design using a maximum of 2 processes.
INFO: [Synth 8-7078] Launching helper process for spawning children vivado processes
INFO: [Synth 8-7075] Helper process launched with PID 46808
---------------------------------------------------------------------------------
Starting RTL Elaboration : Time (s): cpu = 00:00:10 ; elapsed = 00:00:15 . Memory (MB): peak = 1655.492 ; gain = 0.000
---------------------------------------------------------------------------------
INFO: [Synth 8-6157] synthesizing module 'design_1_xbar_0' [d:/Dirk/Grad_School/525.742.8VL_SOC/HW/Module6/lab6/radio_periph_lab_main/vivado/radio_periph_lab.gen/sources_1/bd/design_1/ip/design_1_xbar_0/synth/design_1_xbar_0.v:53]
INFO: [Synth 8-6157] synthesizing module 'axi_crossbar_v2_1_27_axi_crossbar' [d:/Dirk/Grad_School/525.742.8VL_SOC/HW/Module6/lab6/radio_periph_lab_main/vivado/radio_periph_lab.gen/sources_1/bd/design_1/ipshared/3fa0/hdl/axi_crossbar_v2_1_vl_rfs.v:4883]
INFO: [Synth 8-6157] synthesizing module 'axi_crossbar_v2_1_27_crossbar_sasd' [d:/Dirk/Grad_School/525.742.8VL_SOC/HW/Module6/lab6/radio_periph_lab_main/vivado/radio_periph_lab.gen/sources_1/bd/design_1/ipshared/3fa0/hdl/axi_crossbar_v2_1_vl_rfs.v:1239]
INFO: [Synth 8-6157] synthesizing module 'axi_crossbar_v2_1_27_addr_decoder' [d:/Dirk/Grad_School/525.742.8VL_SOC/HW/Module6/lab6/radio_periph_lab_main/vivado/radio_periph_lab.gen/sources_1/bd/design_1/ipshared/3fa0/hdl/axi_crossbar_v2_1_vl_rfs.v:793]
INFO: [Synth 8-6157] synthesizing module 'generic_baseblocks_v2_1_0_comparator_static' [d:/Dirk/Grad_School/525.742.8VL_SOC/HW/Module6/lab6/radio_periph_lab_main/vivado/radio_periph_lab.gen/sources_1/bd/design_1/ipshared/b752/hdl/generic_baseblocks_v2_1_vl_rfs.v:2132]
INFO: [Synth 8-6157] synthesizing module 'generic_baseblocks_v2_1_0_carry_and' [d:/Dirk/Grad_School/525.742.8VL_SOC/HW/Module6/lab6/radio_periph_lab_main/vivado/radio_periph_lab.gen/sources_1/bd/design_1/ipshared/b752/hdl/generic_baseblocks_v2_1_vl_rfs.v:61]
INFO: [Synth 8-6155] done synthesizing module 'generic_baseblocks_v2_1_0_carry_and' (0#1) [d:/Dirk/Grad_School/525.742.8VL_SOC/HW/Module6/lab6/radio_periph_lab_main/vivado/radio_periph_lab.gen/sources_1/bd/design_1/ipshared/b752/hdl/generic_baseblocks_v2_1_vl_rfs.v:61]
INFO: [Synth 8-6155] done synthesizing module 'generic_baseblocks_v2_1_0_comparator_static' (0#1) [d:/Dirk/Grad_School/525.742.8VL_SOC/HW/Module6/lab6/radio_periph_lab_main/vivado/radio_periph_lab.gen/sources_1/bd/design_1/ipshared/b752/hdl/generic_baseblocks_v2_1_vl_rfs.v:2132]
INFO: [Synth 8-6157] synthesizing module 'generic_baseblocks_v2_1_0_comparator_static__parameterized0' [d:/Dirk/Grad_School/525.742.8VL_SOC/HW/Module6/lab6/radio_periph_lab_main/vivado/radio_periph_lab.gen/sources_1/bd/design_1/ipshared/b752/hdl/generic_baseblocks_v2_1_vl_rfs.v:2132]
INFO: [Synth 8-6155] done synthesizing module 'generic_baseblocks_v2_1_0_comparator_static__parameterized0' (0#1) [d:/Dirk/Grad_School/525.742.8VL_SOC/HW/Module6/lab6/radio_periph_lab_main/vivado/radio_periph_lab.gen/sources_1/bd/design_1/ipshared/b752/hdl/generic_baseblocks_v2_1_vl_rfs.v:2132]
INFO: [Synth 8-6155] done synthesizing module 'axi_crossbar_v2_1_27_addr_decoder' (0#1) [d:/Dirk/Grad_School/525.742.8VL_SOC/HW/Module6/lab6/radio_periph_lab_main/vivado/radio_periph_lab.gen/sources_1/bd/design_1/ipshared/3fa0/hdl/axi_crossbar_v2_1_vl_rfs.v:793]
INFO: [Synth 8-6157] synthesizing module 'axi_crossbar_v2_1_27_decerr_slave' [d:/Dirk/Grad_School/525.742.8VL_SOC/HW/Module6/lab6/radio_periph_lab_main/vivado/radio_periph_lab.gen/sources_1/bd/design_1/ipshared/3fa0/hdl/axi_crossbar_v2_1_vl_rfs.v:3500]
INFO: [Synth 8-6155] done synthesizing module 'axi_crossbar_v2_1_27_decerr_slave' (0#1) [d:/Dirk/Grad_School/525.742.8VL_SOC/HW/Module6/lab6/radio_periph_lab_main/vivado/radio_periph_lab.gen/sources_1/bd/design_1/ipshared/3fa0/hdl/axi_crossbar_v2_1_vl_rfs.v:3500]
INFO: [Synth 8-6157] synthesizing module 'axi_crossbar_v2_1_27_addr_arbiter_sasd' [d:/Dirk/Grad_School/525.742.8VL_SOC/HW/Module6/lab6/radio_periph_lab_main/vivado/radio_periph_lab.gen/sources_1/bd/design_1/ipshared/3fa0/hdl/axi_crossbar_v2_1_vl_rfs.v:64]
INFO: [Synth 8-6155] done synthesizing module 'axi_crossbar_v2_1_27_addr_arbiter_sasd' (0#1) [d:/Dirk/Grad_School/525.742.8VL_SOC/HW/Module6/lab6/radio_periph_lab_main/vivado/radio_periph_lab.gen/sources_1/bd/design_1/ipshared/3fa0/hdl/axi_crossbar_v2_1_vl_rfs.v:64]
INFO: [Synth 8-6157] synthesizing module 'axi_crossbar_v2_1_27_splitter' [d:/Dirk/Grad_School/525.742.8VL_SOC/HW/Module6/lab6/radio_periph_lab_main/vivado/radio_periph_lab.gen/sources_1/bd/design_1/ipshared/3fa0/hdl/axi_crossbar_v2_1_vl_rfs.v:4460]
INFO: [Synth 8-6155] done synthesizing module 'axi_crossbar_v2_1_27_splitter' (0#1) [d:/Dirk/Grad_School/525.742.8VL_SOC/HW/Module6/lab6/radio_periph_lab_main/vivado/radio_periph_lab.gen/sources_1/bd/design_1/ipshared/3fa0/hdl/axi_crossbar_v2_1_vl_rfs.v:4460]
INFO: [Synth 8-6157] synthesizing module 'axi_crossbar_v2_1_27_splitter__parameterized0' [d:/Dirk/Grad_School/525.742.8VL_SOC/HW/Module6/lab6/radio_periph_lab_main/vivado/radio_periph_lab.gen/sources_1/bd/design_1/ipshared/3fa0/hdl/axi_crossbar_v2_1_vl_rfs.v:4460]
INFO: [Synth 8-6155] done synthesizing module 'axi_crossbar_v2_1_27_splitter__parameterized0' (0#1) [d:/Dirk/Grad_School/525.742.8VL_SOC/HW/Module6/lab6/radio_periph_lab_main/vivado/radio_periph_lab.gen/sources_1/bd/design_1/ipshared/3fa0/hdl/axi_crossbar_v2_1_vl_rfs.v:4460]
INFO: [Synth 8-6157] synthesizing module 'generic_baseblocks_v2_1_0_mux_enc' [d:/Dirk/Grad_School/525.742.8VL_SOC/HW/Module6/lab6/radio_periph_lab_main/vivado/radio_periph_lab.gen/sources_1/bd/design_1/ipshared/b752/hdl/generic_baseblocks_v2_1_vl_rfs.v:2451]
INFO: [Synth 8-6155] done synthesizing module 'generic_baseblocks_v2_1_0_mux_enc' (0#1) [d:/Dirk/Grad_School/525.742.8VL_SOC/HW/Module6/lab6/radio_periph_lab_main/vivado/radio_periph_lab.gen/sources_1/bd/design_1/ipshared/b752/hdl/generic_baseblocks_v2_1_vl_rfs.v:2451]
INFO: [Synth 8-6157] synthesizing module 'generic_baseblocks_v2_1_0_mux_enc__parameterized0' [d:/Dirk/Grad_School/525.742.8VL_SOC/HW/Module6/lab6/radio_periph_lab_main/vivado/radio_periph_lab.gen/sources_1/bd/design_1/ipshared/b752/hdl/generic_baseblocks_v2_1_vl_rfs.v:2451]
INFO: [Synth 8-6155] done synthesizing module 'generic_baseblocks_v2_1_0_mux_enc__parameterized0' (0#1) [d:/Dirk/Grad_School/525.742.8VL_SOC/HW/Module6/lab6/radio_periph_lab_main/vivado/radio_periph_lab.gen/sources_1/bd/design_1/ipshared/b752/hdl/generic_baseblocks_v2_1_vl_rfs.v:2451]
INFO: [Synth 8-6157] synthesizing module 'generic_baseblocks_v2_1_0_mux_enc__parameterized1' [d:/Dirk/Grad_School/525.742.8VL_SOC/HW/Module6/lab6/radio_periph_lab_main/vivado/radio_periph_lab.gen/sources_1/bd/design_1/ipshared/b752/hdl/generic_baseblocks_v2_1_vl_rfs.v:2451]
INFO: [Synth 8-6155] done synthesizing module 'generic_baseblocks_v2_1_0_mux_enc__parameterized1' (0#1) [d:/Dirk/Grad_School/525.742.8VL_SOC/HW/Module6/lab6/radio_periph_lab_main/vivado/radio_periph_lab.gen/sources_1/bd/design_1/ipshared/b752/hdl/generic_baseblocks_v2_1_vl_rfs.v:2451]
INFO: [Synth 8-6157] synthesizing module 'axi_register_slice_v2_1_26_axic_register_slice' [d:/Dirk/Grad_School/525.742.8VL_SOC/HW/Module6/lab6/radio_periph_lab_main/vivado/radio_periph_lab.gen/sources_1/bd/design_1/ipshared/0a3f/hdl/axi_register_slice_v2_1_vl_rfs.v:1497]
INFO: [Synth 8-6155] done synthesizing module 'axi_register_slice_v2_1_26_axic_register_slice' (0#1) [d:/Dirk/Grad_School/525.742.8VL_SOC/HW/Module6/lab6/radio_periph_lab_main/vivado/radio_periph_lab.gen/sources_1/bd/design_1/ipshared/0a3f/hdl/axi_register_slice_v2_1_vl_rfs.v:1497]
INFO: [Synth 8-6157] synthesizing module 'generic_baseblocks_v2_1_0_mux_enc__parameterized2' [d:/Dirk/Grad_School/525.742.8VL_SOC/HW/Module6/lab6/radio_periph_lab_main/vivado/radio_periph_lab.gen/sources_1/bd/design_1/ipshared/b752/hdl/generic_baseblocks_v2_1_vl_rfs.v:2451]
INFO: [Synth 8-6155] done synthesizing module 'generic_baseblocks_v2_1_0_mux_enc__parameterized2' (0#1) [d:/Dirk/Grad_School/525.742.8VL_SOC/HW/Module6/lab6/radio_periph_lab_main/vivado/radio_periph_lab.gen/sources_1/bd/design_1/ipshared/b752/hdl/generic_baseblocks_v2_1_vl_rfs.v:2451]
INFO: [Synth 8-6155] done synthesizing module 'axi_crossbar_v2_1_27_crossbar_sasd' (0#1) [d:/Dirk/Grad_School/525.742.8VL_SOC/HW/Module6/lab6/radio_periph_lab_main/vivado/radio_periph_lab.gen/sources_1/bd/design_1/ipshared/3fa0/hdl/axi_crossbar_v2_1_vl_rfs.v:1239]
INFO: [Synth 8-6155] done synthesizing module 'axi_crossbar_v2_1_27_axi_crossbar' (0#1) [d:/Dirk/Grad_School/525.742.8VL_SOC/HW/Module6/lab6/radio_periph_lab_main/vivado/radio_periph_lab.gen/sources_1/bd/design_1/ipshared/3fa0/hdl/axi_crossbar_v2_1_vl_rfs.v:4883]
INFO: [Synth 8-6155] done synthesizing module 'design_1_xbar_0' (0#1) [d:/Dirk/Grad_School/525.742.8VL_SOC/HW/Module6/lab6/radio_periph_lab_main/vivado/radio_periph_lab.gen/sources_1/bd/design_1/ip/design_1_xbar_0/synth/design_1_xbar_0.v:53]
WARNING: [Synth 8-6014] Unused sequential element gen_debug_trans_seq.debug_aw_trans_seq_i_reg was removed.  [d:/Dirk/Grad_School/525.742.8VL_SOC/HW/Module6/lab6/radio_periph_lab_main/vivado/radio_periph_lab.gen/sources_1/bd/design_1/ipshared/3fa0/hdl/axi_crossbar_v2_1_vl_rfs.v:2056]
WARNING: [Synth 8-6014] Unused sequential element gen_debug_trans_seq.debug_ar_trans_seq_i_reg was removed.  [d:/Dirk/Grad_School/525.742.8VL_SOC/HW/Module6/lab6/radio_periph_lab_main/vivado/radio_periph_lab.gen/sources_1/bd/design_1/ipshared/3fa0/hdl/axi_crossbar_v2_1_vl_rfs.v:2067]
WARNING: [Synth 8-6014] Unused sequential element gen_debug_trans_seq.debug_w_beat_cnt_i_reg was removed.  [d:/Dirk/Grad_School/525.742.8VL_SOC/HW/Module6/lab6/radio_periph_lab_main/vivado/radio_periph_lab.gen/sources_1/bd/design_1/ipshared/3fa0/hdl/axi_crossbar_v2_1_vl_rfs.v:2078]
WARNING: [Synth 8-6014] Unused sequential element gen_debug_trans_seq.debug_r_beat_cnt_i_reg was removed.  [d:/Dirk/Grad_School/525.742.8VL_SOC/HW/Module6/lab6/radio_periph_lab_main/vivado/radio_periph_lab.gen/sources_1/bd/design_1/ipshared/3fa0/hdl/axi_crossbar_v2_1_vl_rfs.v:2091]
WARNING: [Synth 8-7129] Port S[0] in module generic_baseblocks_v2_1_0_mux_enc__parameterized0 is either unconnected or has no load
WARNING: [Synth 8-7129] Port S_AXI_AWID[0] in module axi_crossbar_v2_1_27_decerr_slave is either unconnected or has no load
WARNING: [Synth 8-7129] Port S_AXI_WLAST in module axi_crossbar_v2_1_27_decerr_slave is either unconnected or has no load
WARNING: [Synth 8-7129] Port S_AXI_ARID[0] in module axi_crossbar_v2_1_27_decerr_slave is either unconnected or has no load
WARNING: [Synth 8-7129] Port S_AXI_ARLEN[7] in module axi_crossbar_v2_1_27_decerr_slave is either unconnected or has no load
WARNING: [Synth 8-7129] Port S_AXI_ARLEN[6] in module axi_crossbar_v2_1_27_decerr_slave is either unconnected or has no load
WARNING: [Synth 8-7129] Port S_AXI_ARLEN[5] in module axi_crossbar_v2_1_27_decerr_slave is either unconnected or has no load
WARNING: [Synth 8-7129] Port S_AXI_ARLEN[4] in module axi_crossbar_v2_1_27_decerr_slave is either unconnected or has no load
WARNING: [Synth 8-7129] Port S_AXI_ARLEN[3] in module axi_crossbar_v2_1_27_decerr_slave is either unconnected or has no load
WARNING: [Synth 8-7129] Port S_AXI_ARLEN[2] in module axi_crossbar_v2_1_27_decerr_slave is either unconnected or has no load
WARNING: [Synth 8-7129] Port S_AXI_ARLEN[1] in module axi_crossbar_v2_1_27_decerr_slave is either unconnected or has no load
WARNING: [Synth 8-7129] Port S_AXI_ARLEN[0] in module axi_crossbar_v2_1_27_decerr_slave is either unconnected or has no load
WARNING: [Synth 8-7129] Port ADDR[1] in module axi_crossbar_v2_1_27_addr_decoder is either unconnected or has no load
WARNING: [Synth 8-7129] Port ADDR[0] in module axi_crossbar_v2_1_27_addr_decoder is either unconnected or has no load
WARNING: [Synth 8-7129] Port S_AXI_AWID[0] in module axi_crossbar_v2_1_27_crossbar_sasd is either unconnected or has no load
WARNING: [Synth 8-7129] Port S_AXI_ARID[0] in module axi_crossbar_v2_1_27_crossbar_sasd is either unconnected or has no load
WARNING: [Synth 8-7129] Port M_AXI_BID[1] in module axi_crossbar_v2_1_27_crossbar_sasd is either unconnected or has no load
WARNING: [Synth 8-7129] Port M_AXI_BID[0] in module axi_crossbar_v2_1_27_crossbar_sasd is either unconnected or has no load
WARNING: [Synth 8-7129] Port M_AXI_RID[1] in module axi_crossbar_v2_1_27_crossbar_sasd is either unconnected or has no load
WARNING: [Synth 8-7129] Port M_AXI_RID[0] in module axi_crossbar_v2_1_27_crossbar_sasd is either unconnected or has no load
WARNING: [Synth 8-7129] Port s_axi_awid[0] in module axi_crossbar_v2_1_27_axi_crossbar is either unconnected or has no load
WARNING: [Synth 8-7129] Port s_axi_awlen[7] in module axi_crossbar_v2_1_27_axi_crossbar is either unconnected or has no load
WARNING: [Synth 8-7129] Port s_axi_awlen[6] in module axi_crossbar_v2_1_27_axi_crossbar is either unconnected or has no load
WARNING: [Synth 8-7129] Port s_axi_awlen[5] in module axi_crossbar_v2_1_27_axi_crossbar is either unconnected or has no load
WARNING: [Synth 8-7129] Port s_axi_awlen[4] in module axi_crossbar_v2_1_27_axi_crossbar is either unconnected or has no load
WARNING: [Synth 8-7129] Port s_axi_awlen[3] in module axi_crossbar_v2_1_27_axi_crossbar is either unconnected or has no load
WARNING: [Synth 8-7129] Port s_axi_awlen[2] in module axi_crossbar_v2_1_27_axi_crossbar is either unconnected or has no load
WARNING: [Synth 8-7129] Port s_axi_awlen[1] in module axi_crossbar_v2_1_27_axi_crossbar is either unconnected or has no load
WARNING: [Synth 8-7129] Port s_axi_awlen[0] in module axi_crossbar_v2_1_27_axi_crossbar is either unconnected or has no load
WARNING: [Synth 8-7129] Port s_axi_awsize[2] in module axi_crossbar_v2_1_27_axi_crossbar is either unconnected or has no load
WARNING: [Synth 8-7129] Port s_axi_awsize[1] in module axi_crossbar_v2_1_27_axi_crossbar is either unconnected or has no load
WARNING: [Synth 8-7129] Port s_axi_awsize[0] in module axi_crossbar_v2_1_27_axi_crossbar is either unconnected or has no load
WARNING: [Synth 8-7129] Port s_axi_awburst[1] in module axi_crossbar_v2_1_27_axi_crossbar is either unconnected or has no load
WARNING: [Synth 8-7129] Port s_axi_awburst[0] in module axi_crossbar_v2_1_27_axi_crossbar is either unconnected or has no load
WARNING: [Synth 8-7129] Port s_axi_awlock[0] in module axi_crossbar_v2_1_27_axi_crossbar is either unconnected or has no load
WARNING: [Synth 8-7129] Port s_axi_awcache[3] in module axi_crossbar_v2_1_27_axi_crossbar is either unconnected or has no load
WARNING: [Synth 8-7129] Port s_axi_awcache[2] in module axi_crossbar_v2_1_27_axi_crossbar is either unconnected or has no load
WARNING: [Synth 8-7129] Port s_axi_awcache[1] in module axi_crossbar_v2_1_27_axi_crossbar is either unconnected or has no load
WARNING: [Synth 8-7129] Port s_axi_awcache[0] in module axi_crossbar_v2_1_27_axi_crossbar is either unconnected or has no load
WARNING: [Synth 8-7129] Port s_axi_awqos[3] in module axi_crossbar_v2_1_27_axi_crossbar is either unconnected or has no load
WARNING: [Synth 8-7129] Port s_axi_awqos[2] in module axi_crossbar_v2_1_27_axi_crossbar is either unconnected or has no load
WARNING: [Synth 8-7129] Port s_axi_awqos[1] in module axi_crossbar_v2_1_27_axi_crossbar is either unconnected or has no load
WARNING: [Synth 8-7129] Port s_axi_awqos[0] in module axi_crossbar_v2_1_27_axi_crossbar is either unconnected or has no load
WARNING: [Synth 8-7129] Port s_axi_awuser[0] in module axi_crossbar_v2_1_27_axi_crossbar is either unconnected or has no load
WARNING: [Synth 8-7129] Port s_axi_wid[0] in module axi_crossbar_v2_1_27_axi_crossbar is either unconnected or has no load
WARNING: [Synth 8-7129] Port s_axi_wlast[0] in module axi_crossbar_v2_1_27_axi_crossbar is either unconnected or has no load
WARNING: [Synth 8-7129] Port s_axi_wuser[0] in module axi_crossbar_v2_1_27_axi_crossbar is either unconnected or has no load
WARNING: [Synth 8-7129] Port s_axi_arid[0] in module axi_crossbar_v2_1_27_axi_crossbar is either unconnected or has no load
WARNING: [Synth 8-7129] Port s_axi_arlen[7] in module axi_crossbar_v2_1_27_axi_crossbar is either unconnected or has no load
WARNING: [Synth 8-7129] Port s_axi_arlen[6] in module axi_crossbar_v2_1_27_axi_crossbar is either unconnected or has no load
WARNING: [Synth 8-7129] Port s_axi_arlen[5] in module axi_crossbar_v2_1_27_axi_crossbar is either unconnected or has no load
WARNING: [Synth 8-7129] Port s_axi_arlen[4] in module axi_crossbar_v2_1_27_axi_crossbar is either unconnected or has no load
WARNING: [Synth 8-7129] Port s_axi_arlen[3] in module axi_crossbar_v2_1_27_axi_crossbar is either unconnected or has no load
WARNING: [Synth 8-7129] Port s_axi_arlen[2] in module axi_crossbar_v2_1_27_axi_crossbar is either unconnected or has no load
WARNING: [Synth 8-7129] Port s_axi_arlen[1] in module axi_crossbar_v2_1_27_axi_crossbar is either unconnected or has no load
WARNING: [Synth 8-7129] Port s_axi_arlen[0] in module axi_crossbar_v2_1_27_axi_crossbar is either unconnected or has no load
WARNING: [Synth 8-7129] Port s_axi_arsize[2] in module axi_crossbar_v2_1_27_axi_crossbar is either unconnected or has no load
WARNING: [Synth 8-7129] Port s_axi_arsize[1] in module axi_crossbar_v2_1_27_axi_crossbar is either unconnected or has no load
WARNING: [Synth 8-7129] Port s_axi_arsize[0] in module axi_crossbar_v2_1_27_axi_crossbar is either unconnected or has no load
WARNING: [Synth 8-7129] Port s_axi_arburst[1] in module axi_crossbar_v2_1_27_axi_crossbar is either unconnected or has no load
WARNING: [Synth 8-7129] Port s_axi_arburst[0] in module axi_crossbar_v2_1_27_axi_crossbar is either unconnected or has no load
WARNING: [Synth 8-7129] Port s_axi_arlock[0] in module axi_crossbar_v2_1_27_axi_crossbar is either unconnected or has no load
WARNING: [Synth 8-7129] Port s_axi_arcache[3] in module axi_crossbar_v2_1_27_axi_crossbar is either unconnected or has no load
WARNING: [Synth 8-7129] Port s_axi_arcache[2] in module axi_crossbar_v2_1_27_axi_crossbar is either unconnected or has no load
WARNING: [Synth 8-7129] Port s_axi_arcache[1] in module axi_crossbar_v2_1_27_axi_crossbar is either unconnected or has no load
WARNING: [Synth 8-7129] Port s_axi_arcache[0] in module axi_crossbar_v2_1_27_axi_crossbar is either unconnected or has no load
WARNING: [Synth 8-7129] Port s_axi_arqos[3] in module axi_crossbar_v2_1_27_axi_crossbar is either unconnected or has no load
WARNING: [Synth 8-7129] Port s_axi_arqos[2] in module axi_crossbar_v2_1_27_axi_crossbar is either unconnected or has no load
WARNING: [Synth 8-7129] Port s_axi_arqos[1] in module axi_crossbar_v2_1_27_axi_crossbar is either unconnected or has no load
WARNING: [Synth 8-7129] Port s_axi_arqos[0] in module axi_crossbar_v2_1_27_axi_crossbar is either unconnected or has no load
WARNING: [Synth 8-7129] Port s_axi_aruser[0] in module axi_crossbar_v2_1_27_axi_crossbar is either unconnected or has no load
WARNING: [Synth 8-7129] Port m_axi_bid[1] in module axi_crossbar_v2_1_27_axi_crossbar is either unconnected or has no load
WARNING: [Synth 8-7129] Port m_axi_bid[0] in module axi_crossbar_v2_1_27_axi_crossbar is either unconnected or has no load
WARNING: [Synth 8-7129] Port m_axi_buser[1] in module axi_crossbar_v2_1_27_axi_crossbar is either unconnected or has no load
WARNING: [Synth 8-7129] Port m_axi_buser[0] in module axi_crossbar_v2_1_27_axi_crossbar is either unconnected or has no load
WARNING: [Synth 8-7129] Port m_axi_rid[1] in module axi_crossbar_v2_1_27_axi_crossbar is either unconnected or has no load
WARNING: [Synth 8-7129] Port m_axi_rid[0] in module axi_crossbar_v2_1_27_axi_crossbar is either unconnected or has no load
WARNING: [Synth 8-7129] Port m_axi_rlast[1] in module axi_crossbar_v2_1_27_axi_crossbar is either unconnected or has no load
WARNING: [Synth 8-7129] Port m_axi_rlast[0] in module axi_crossbar_v2_1_27_axi_crossbar is either unconnected or has no load
WARNING: [Synth 8-7129] Port m_axi_ruser[1] in module axi_crossbar_v2_1_27_axi_crossbar is either unconnected or has no load
WARNING: [Synth 8-7129] Port m_axi_ruser[0] in module axi_crossbar_v2_1_27_axi_crossbar is either unconnected or has no load
---------------------------------------------------------------------------------
Finished RTL Elaboration : Time (s): cpu = 00:00:17 ; elapsed = 00:00:23 . Memory (MB): peak = 1803.254 ; gain = 147.762
---------------------------------------------------------------------------------
---------------------------------------------------------------------------------
Start Handling Custom Attributes
---------------------------------------------------------------------------------
---------------------------------------------------------------------------------
Finished Handling Custom Attributes : Time (s): cpu = 00:00:17 ; elapsed = 00:00:23 . Memory (MB): peak = 1803.254 ; gain = 147.762
---------------------------------------------------------------------------------
---------------------------------------------------------------------------------
Finished RTL Optimization Phase 1 : Time (s): cpu = 00:00:17 ; elapsed = 00:00:23 . Memory (MB): peak = 1803.254 ; gain = 147.762
---------------------------------------------------------------------------------
Netlist sorting complete. Time (s): cpu = 00:00:00 ; elapsed = 00:00:00.025 . Memory (MB): peak = 1803.254 ; gain = 0.000
INFO: [Project 1-570] Preparing netlist for logic optimization

Processing XDC Constraints
Initializing timing engine
Parsing XDC File [d:/Dirk/Grad_School/525.742.8VL_SOC/HW/Module6/lab6/radio_periph_lab_main/vivado/radio_periph_lab.gen/sources_1/bd/design_1/ip/design_1_xbar_0/design_1_xbar_0_ooc.xdc] for cell 'inst'
Finished Parsing XDC File [d:/Dirk/Grad_School/525.742.8VL_SOC/HW/Module6/lab6/radio_periph_lab_main/vivado/radio_periph_lab.gen/sources_1/bd/design_1/ip/design_1_xbar_0/design_1_xbar_0_ooc.xdc] for cell 'inst'
Parsing XDC File [D:/Dirk/Grad_School/525.742.8VL_SOC/HW/Module6/lab6/radio_periph_lab_main/vivado/radio_periph_lab.runs/design_1_xbar_0_synth_1/dont_touch.xdc]
Finished Parsing XDC File [D:/Dirk/Grad_School/525.742.8VL_SOC/HW/Module6/lab6/radio_periph_lab_main/vivado/radio_periph_lab.runs/design_1_xbar_0_synth_1/dont_touch.xdc]
Completed Processing XDC Constraints

Netlist sorting complete. Time (s): cpu = 00:00:00 ; elapsed = 00:00:00.001 . Memory (MB): peak = 1860.035 ; gain = 0.000
INFO: [Project 1-111] Unisim Transformation Summary:
No Unisim elements were transformed.

Constraint Validation Runtime : Time (s): cpu = 00:00:00 ; elapsed = 00:00:00.036 . Memory (MB): peak = 1862.219 ; gain = 2.184
INFO: [Designutils 20-5008] Incremental synthesis strategy off
---------------------------------------------------------------------------------
Finished Constraint Validation : Time (s): cpu = 00:00:26 ; elapsed = 00:00:32 . Memory (MB): peak = 1862.219 ; gain = 206.727
---------------------------------------------------------------------------------
---------------------------------------------------------------------------------
Start Loading Part and Timing Information
---------------------------------------------------------------------------------
Loading part: xc7z020clg400-1
---------------------------------------------------------------------------------
Finished Loading Part and Timing Information : Time (s): cpu = 00:00:26 ; elapsed = 00:00:32 . Memory (MB): peak = 1862.219 ; gain = 206.727
---------------------------------------------------------------------------------
---------------------------------------------------------------------------------
Start Applying 'set_property' XDC Constraints
---------------------------------------------------------------------------------
Applied set_property KEEP_HIERARCHY = SOFT for inst. (constraint file  D:/Dirk/Grad_School/525.742.8VL_SOC/HW/Module6/lab6/radio_periph_lab_main/vivado/radio_periph_lab.runs/design_1_xbar_0_synth_1/dont_touch.xdc, line 9).
---------------------------------------------------------------------------------
Finished applying 'set_property' XDC Constraints : Time (s): cpu = 00:00:26 ; elapsed = 00:00:32 . Memory (MB): peak = 1862.219 ; gain = 206.727
---------------------------------------------------------------------------------
---------------------------------------------------------------------------------
Finished RTL Optimization Phase 2 : Time (s): cpu = 00:00:27 ; elapsed = 00:00:32 . Memory (MB): peak = 1862.219 ; gain = 206.727
---------------------------------------------------------------------------------
---------------------------------------------------------------------------------
Start RTL Component Statistics 
---------------------------------------------------------------------------------
Detailed RTL Component Info : 
+---Registers : 
	               64 Bit    Registers := 1     
	               36 Bit    Registers := 2     
	                3 Bit    Registers := 2     
	                2 Bit    Registers := 3     
	                1 Bit    Registers := 14    
+---Muxes : 
	   2 Input   64 Bit        Muxes := 1     
	   2 Input   36 Bit        Muxes := 2     
	   2 Input    3 Bit        Muxes := 1     
	   2 Input    2 Bit        Muxes := 2     
	   2 Input    1 Bit        Muxes := 30    
---------------------------------------------------------------------------------
Finished RTL Component Statistics 
---------------------------------------------------------------------------------
---------------------------------------------------------------------------------
Start Part Resource Summary
---------------------------------------------------------------------------------
Part Resources:
DSPs: 220 (col length:60)
BRAMs: 280 (col length: RAMB18 60 RAMB36 30)
---------------------------------------------------------------------------------
Finished Part Resource Summary
---------------------------------------------------------------------------------
---------------------------------------------------------------------------------
Start Cross Boundary and Area Optimization
---------------------------------------------------------------------------------
WARNING: [Synth 8-7080] Parallel synthesis criteria is not met
INFO: [Synth 8-3936] Found unconnected internal register 'gen_sasd.crossbar_sasd_0/reg_slice_r/m_payload_i_reg' and it is trimmed from '36' to '35' bits. [d:/Dirk/Grad_School/525.742.8VL_SOC/HW/Module6/lab6/radio_periph_lab_main/vivado/radio_periph_lab.gen/sources_1/bd/design_1/ipshared/0a3f/hdl/axi_register_slice_v2_1_vl_rfs.v:1731]
WARNING: [Synth 8-7129] Port s_axi_awid[0] in module axi_crossbar_v2_1_27_axi_crossbar is either unconnected or has no load
WARNING: [Synth 8-7129] Port s_axi_awlen[7] in module axi_crossbar_v2_1_27_axi_crossbar is either unconnected or has no load
WARNING: [Synth 8-7129] Port s_axi_awlen[6] in module axi_crossbar_v2_1_27_axi_crossbar is either unconnected or has no load
WARNING: [Synth 8-7129] Port s_axi_awlen[5] in module axi_crossbar_v2_1_27_axi_crossbar is either unconnected or has no load
WARNING: [Synth 8-7129] Port s_axi_awlen[4] in module axi_crossbar_v2_1_27_axi_crossbar is either unconnected or has no load
WARNING: [Synth 8-7129] Port s_axi_awlen[3] in module axi_crossbar_v2_1_27_axi_crossbar is either unconnected or has no load
WARNING: [Synth 8-7129] Port s_axi_awlen[2] in module axi_crossbar_v2_1_27_axi_crossbar is either unconnected or has no load
WARNING: [Synth 8-7129] Port s_axi_awlen[1] in module axi_crossbar_v2_1_27_axi_crossbar is either unconnected or has no load
WARNING: [Synth 8-7129] Port s_axi_awlen[0] in module axi_crossbar_v2_1_27_axi_crossbar is either unconnected or has no load
WARNING: [Synth 8-7129] Port s_axi_awsize[2] in module axi_crossbar_v2_1_27_axi_crossbar is either unconnected or has no load
WARNING: [Synth 8-7129] Port s_axi_awsize[1] in module axi_crossbar_v2_1_27_axi_crossbar is either unconnected or has no load
WARNING: [Synth 8-7129] Port s_axi_awsize[0] in module axi_crossbar_v2_1_27_axi_crossbar is either unconnected or has no load
WARNING: [Synth 8-7129] Port s_axi_awburst[1] in module axi_crossbar_v2_1_27_axi_crossbar is either unconnected or has no load
WARNING: [Synth 8-7129] Port s_axi_awburst[0] in module axi_crossbar_v2_1_27_axi_crossbar is either unconnected or has no load
WARNING: [Synth 8-7129] Port s_axi_awlock[0] in module axi_crossbar_v2_1_27_axi_crossbar is either unconnected or has no load
WARNING: [Synth 8-7129] Port s_axi_awcache[3] in module axi_crossbar_v2_1_27_axi_crossbar is either unconnected or has no load
WARNING: [Synth 8-7129] Port s_axi_awcache[2] in module axi_crossbar_v2_1_27_axi_crossbar is either unconnected or has no load
WARNING: [Synth 8-7129] Port s_axi_awcache[1] in module axi_crossbar_v2_1_27_axi_crossbar is either unconnected or has no load
WARNING: [Synth 8-7129] Port s_axi_awcache[0] in module axi_crossbar_v2_1_27_axi_crossbar is either unconnected or has no load
INFO: [Common 17-14] Message 'Synth 8-7129' appears 100 times and further instances of the messages will be disabled. Use the Tcl command set_msg_config to change the current settings.
---------------------------------------------------------------------------------
Finished Cross Boundary and Area Optimization : Time (s): cpu = 00:00:29 ; elapsed = 00:00:35 . Memory (MB): peak = 1862.219 ; gain = 206.727
---------------------------------------------------------------------------------
---------------------------------------------------------------------------------
Start Applying XDC Timing Constraints
---------------------------------------------------------------------------------
---------------------------------------------------------------------------------
Finished Applying XDC Timing Constraints : Time (s): cpu = 00:00:36 ; elapsed = 00:00:41 . Memory (MB): peak = 1862.219 ; gain = 206.727
---------------------------------------------------------------------------------
---------------------------------------------------------------------------------
Start Timing Optimization
---------------------------------------------------------------------------------
---------------------------------------------------------------------------------
Finished Timing Optimization : Time (s): cpu = 00:00:36 ; elapsed = 00:00:42 . Memory (MB): peak = 1862.219 ; gain = 206.727
---------------------------------------------------------------------------------
---------------------------------------------------------------------------------
Start Technology Mapping
---------------------------------------------------------------------------------
---------------------------------------------------------------------------------
Finished Technology Mapping : Time (s): cpu = 00:00:36 ; elapsed = 00:00:42 . Memory (MB): peak = 1862.219 ; gain = 206.727
---------------------------------------------------------------------------------
---------------------------------------------------------------------------------
Start IO Insertion
---------------------------------------------------------------------------------
---------------------------------------------------------------------------------
Start Flattening Before IO Insertion
---------------------------------------------------------------------------------
---------------------------------------------------------------------------------
Finished Flattening Before IO Insertion
---------------------------------------------------------------------------------
---------------------------------------------------------------------------------
Start Final Netlist Cleanup
---------------------------------------------------------------------------------
---------------------------------------------------------------------------------
Finished Final Netlist Cleanup
---------------------------------------------------------------------------------
---------------------------------------------------------------------------------
Finished IO Insertion : Time (s): cpu = 00:00:41 ; elapsed = 00:00:47 . Memory (MB): peak = 1862.219 ; gain = 206.727
---------------------------------------------------------------------------------
---------------------------------------------------------------------------------
Start Renaming Generated Instances
---------------------------------------------------------------------------------
---------------------------------------------------------------------------------
Finished Renaming Generated Instances : Time (s): cpu = 00:00:41 ; elapsed = 00:00:47 . Memory (MB): peak = 1862.219 ; gain = 206.727
---------------------------------------------------------------------------------
---------------------------------------------------------------------------------
Start Rebuilding User Hierarchy
---------------------------------------------------------------------------------
---------------------------------------------------------------------------------
Finished Rebuilding User Hierarchy : Time (s): cpu = 00:00:41 ; elapsed = 00:00:47 . Memory (MB): peak = 1862.219 ; gain = 206.727
---------------------------------------------------------------------------------
---------------------------------------------------------------------------------
Start Renaming Generated Ports
---------------------------------------------------------------------------------
---------------------------------------------------------------------------------
Finished Renaming Generated Ports : Time (s): cpu = 00:00:41 ; elapsed = 00:00:47 . Memory (MB): peak = 1862.219 ; gain = 206.727
---------------------------------------------------------------------------------
---------------------------------------------------------------------------------
Start Handling Custom Attributes
---------------------------------------------------------------------------------
---------------------------------------------------------------------------------
Finished Handling Custom Attributes : Time (s): cpu = 00:00:41 ; elapsed = 00:00:47 . Memory (MB): peak = 1862.219 ; gain = 206.727
---------------------------------------------------------------------------------
---------------------------------------------------------------------------------
Start Renaming Generated Nets
---------------------------------------------------------------------------------
---------------------------------------------------------------------------------
Finished Renaming Generated Nets : Time (s): cpu = 00:00:41 ; elapsed = 00:00:47 . Memory (MB): peak = 1862.219 ; gain = 206.727
---------------------------------------------------------------------------------
---------------------------------------------------------------------------------
Start Writing Synthesis Report
---------------------------------------------------------------------------------

Report BlackBoxes: 
+-+--------------+----------+
| |BlackBox name |Instances |
+-+--------------+----------+
+-+--------------+----------+

Report Cell Usage: 
+------+-----+------+
|      |Cell |Count |
+------+-----+------+
|1     |LUT1 |     1|
|2     |LUT2 |     7|
|3     |LUT3 |     3|
|4     |LUT4 |    66|
|5     |LUT5 |    19|
|6     |LUT6 |    51|
|7     |FDRE |   130|
+------+-----+------+
---------------------------------------------------------------------------------
Finished Writing Synthesis Report : Time (s): cpu = 00:00:41 ; elapsed = 00:00:47 . Memory (MB): peak = 1862.219 ; gain = 206.727
---------------------------------------------------------------------------------
Synthesis finished with 0 errors, 0 critical warnings and 62 warnings.
Synthesis Optimization Runtime : Time (s): cpu = 00:00:22 ; elapsed = 00:00:45 . Memory (MB): peak = 1862.219 ; gain = 147.762
Synthesis Optimization Complete : Time (s): cpu = 00:00:42 ; elapsed = 00:00:48 . Memory (MB): peak = 1862.219 ; gain = 206.727
INFO: [Project 1-571] Translating synthesized netlist
Netlist sorting complete. Time (s): cpu = 00:00:00 ; elapsed = 00:00:00.017 . Memory (MB): peak = 1862.219 ; gain = 0.000
INFO: [Project 1-570] Preparing netlist for logic optimization
INFO: [Opt 31-138] Pushed 0 inverter(s) to 0 load pin(s).
Netlist sorting complete. Time (s): cpu = 00:00:00 ; elapsed = 00:00:00 . Memory (MB): peak = 1862.219 ; gain = 0.000
INFO: [Project 1-111] Unisim Transformation Summary:
No Unisim elements were transformed.

Synth Design complete, checksum: 5a8614d
INFO: [Common 17-83] Releasing license: Synthesis
50 Infos, 106 Warnings, 0 Critical Warnings and 0 Errors encountered.
synth_design completed successfully
synth_design: Time (s): cpu = 00:00:47 ; elapsed = 00:00:53 . Memory (MB): peak = 1862.219 ; gain = 206.727
INFO: [Common 17-1381] The checkpoint 'D:/Dirk/Grad_School/525.742.8VL_SOC/HW/Module6/lab6/radio_periph_lab_main/vivado/radio_periph_lab.runs/design_1_xbar_0_synth_1/design_1_xbar_0.dcp' has been generated.
INFO: [Coretcl 2-1648] Added synthesis output to IP cache for IP design_1_xbar_0, cache-ID = 7c8149a2f765c4a2
INFO: [Coretcl 2-1174] Renamed 7 cell refs.
INFO: [Common 17-1381] The checkpoint 'D:/Dirk/Grad_School/525.742.8VL_SOC/HW/Module6/lab6/radio_periph_lab_main/vivado/radio_periph_lab.runs/design_1_xbar_0_synth_1/design_1_xbar_0.dcp' has been generated.
INFO: [runtcl-4] Executing : report_utilization -file design_1_xbar_0_utilization_synth.rpt -pb design_1_xbar_0_utilization_synth.pb
INFO: [Common 17-206] Exiting Vivado at Wed Mar 29 18:35:24 2023...
